"../../../../../../Users/danny/Documents/GitHub/Team_Pandora/RPGame2/Content/Maps/Levels/Level5_BuiltData.uasset" 0
"../../../../../../Users/danny/Documents/GitHub/Team_Pandora/RPGame2/Content/Blueprints/LeveltoPlayer.uasset" 1
"../../../../../../Users/danny/Documents/GitHub/Team_Pandora/RPGame2/Content/models/Mannequin/Character/Mesh/UE4_Mannequin_Skeleton.uasset" 2
"../../../../../../Users/danny/Documents/GitHub/Team_Pandora/RPGame2/Content/models/Mannequin/Animations/ThirdPerson_Jump.uasset" 3
"../../../../../../Users/danny/Documents/GitHub/Team_Pandora/RPGame2/Content/models/Mannequin/Animations/ThirdPersonJump_Loop.uasset" 4
"../../../../../../Users/danny/Documents/GitHub/Team_Pandora/RPGame2/Content/models/Mannequin/Animations/ThirdPersonJump_Start.uasset" 5
"../../../../../../Users/danny/Documents/GitHub/Team_Pandora/RPGame2/Content/models/Mannequin/Animations/ThirdPersonIdle.uasset" 6
"../../../../../../Users/danny/Documents/GitHub/Team_Pandora/RPGame2/Content/models/Mannequin/Animations/ThirdPersonRun.uasset" 7
"../../../../../../Users/danny/Documents/GitHub/Team_Pandora/RPGame2/Content/models/Mannequin/Animations/ThirdPersonWalk.uasset" 8
"../../../../../../Users/danny/Documents/GitHub/Team_Pandora/RPGame2/Content/models/Mannequin/Animations/ThirdPerson_IdleRun_2D.uasset" 9
"../../../Engine/Content/EditorBlueprintResources/StandardMacros.uasset" 10
"../../../../../../Users/danny/Documents/GitHub/Team_Pandora/RPGame2/Content/models/Mannequin/Animations/ThirdPerson_AnimBP.uasset" 11
"../../../../../../Users/danny/Documents/GitHub/Team_Pandora/RPGame2/Content/Blueprints/Components/Charge.uasset" 12
"../../../../../../Users/danny/Documents/GitHub/Team_Pandora/RPGame2/Content/Materials/DissolveAlpha.uasset" 13
"../../../../../../Users/danny/Documents/GitHub/Team_Pandora/RPGame2/Content/Materials/GateMaterialOff.uasset" 14
"../../../../../../Users/danny/Documents/GitHub/Team_Pandora/RPGame2/Content/Materials/GateMaterialOn.uasset" 15
"../../../../../../Users/danny/Documents/GitHub/Team_Pandora/RPGame2/Content/Blueprints/actors/Switchable.uasset" 16
"../../../../../../Users/danny/Documents/GitHub/Team_Pandora/RPGame2/Content/Blueprints/Components/phaseSwitch.uasset" 17
"../../../../../../Users/danny/Documents/GitHub/Team_Pandora/RPGame2/Content/Blueprints/Components/Wallride.uasset" 18
"../../../../../../Users/danny/Documents/GitHub/Team_Pandora/RPGame2/Content/Blueprints/Components/WallStick.uasset" 19
"../../../../../../Users/danny/Documents/GitHub/Team_Pandora/RPGame2/Content/models/ARCMain/Arc_Skeleton.uasset" 20
"../../../../../../Users/danny/Documents/GitHub/Team_Pandora/RPGame2/Content/models/ARCMain/animations/ArcJumpDown.uasset" 21
"../../../../../../Users/danny/Documents/GitHub/Team_Pandora/RPGame2/Content/models/ARCMain/animations/ArcJumpLoop.uasset" 22
"../../../../../../Users/danny/Documents/GitHub/Team_Pandora/RPGame2/Content/models/ARCMain/animations/ArcJumpUp.uasset" 23
"../../../../../../Users/danny/Documents/GitHub/Team_Pandora/RPGame2/Content/models/ARCMain/animations/ArcRun.uasset" 24
"../../../../../../Users/danny/Documents/GitHub/Team_Pandora/RPGame2/Content/models/ARCMain/animations/ArcIdle.uasset" 25
"../../../../../../Users/danny/Documents/GitHub/Team_Pandora/RPGame2/Content/models/ARCMain/animations/GroundMove.uasset" 26
"../../../../../../Users/danny/Documents/GitHub/Team_Pandora/RPGame2/Content/models/ARCMain/animations/WRun01.uasset" 27
"../../../../../../Users/danny/Documents/GitHub/Team_Pandora/RPGame2/Content/models/ARCMain/animations/WRun02.uasset" 28
"../../../../../../Users/danny/Documents/GitHub/Team_Pandora/RPGame2/Content/models/ARCMain/animations/wallrunside.uasset" 29
"../../../../../../Users/danny/Documents/GitHub/Team_Pandora/RPGame2/Content/models/ARCMain/animations/ARCM_ABP.uasset" 30
"../../../Engine/Content/EngineMaterials/BlendFunc_DefBase.uasset" 31
"../../../Engine/Content/EngineMaterials/BlendFunc_DefBlend.uasset" 32
"../../../Engine/Content/Functions/Engine_MaterialFunctions03/Blends/Blend_Screen.uasset" 33
"../../../../../../Users/danny/Documents/GitHub/Team_Pandora/RPGame2/Content/Materials/ARCmats/celshadefunc.uasset" 34
"../../../../../../Users/danny/Documents/GitHub/Team_Pandora/RPGame2/Content/Materials/ARCmats/blinn1.uasset" 35
"../../../../../../Users/danny/Documents/GitHub/Team_Pandora/RPGame2/Content/Materials/ARCmats/blinn2.uasset" 36
"../../../../../../Users/danny/Documents/GitHub/Team_Pandora/RPGame2/Content/Materials/ARCmats/lambert1.uasset" 37
"../../../../../../Users/danny/Documents/GitHub/Team_Pandora/RPGame2/Content/Materials/ARCmats/phong1.uasset" 38
"../../../../../../Users/danny/Documents/GitHub/Team_Pandora/RPGame2/Content/models/ARCMain/Arc_PhysicsAsset.uasset" 39
"../../../../../../Users/danny/Documents/GitHub/Team_Pandora/RPGame2/Content/models/ARCMain/Arc.uasset" 40
"../../../../../../Users/danny/Documents/GitHub/Team_Pandora/RPGame2/Content/Blueprints/CustomGameInstance.uasset" 41
"../../../../../../Users/danny/Documents/GitHub/Team_Pandora/RPGame2/Content/Blueprints/actors/ARCChar.uasset" 42
"../../../../../../Users/danny/Documents/GitHub/Team_Pandora/RPGame2/Content/Materials/M_UE4Man_Body.uasset" 43
"../../../../../../Users/danny/Documents/GitHub/Team_Pandora/RPGame2/Content/Textures/UE4Man_Logo_N.uasset" 44
"../../../../../../Users/danny/Documents/GitHub/Team_Pandora/RPGame2/Content/Materials/M_UE4Man_ChestLogo.uasset" 45
"../../../../../../Users/danny/Documents/GitHub/Team_Pandora/RPGame2/Content/models/Mannequin/Character/Mesh/SK_Mannequin_PhysicsAsset.uasset" 46
"../../../../../../Users/danny/Documents/GitHub/Team_Pandora/RPGame2/Content/models/Mannequin/Character/Mesh/SK_Mannequin.uasset" 47
"../../../../../../Users/danny/Documents/GitHub/Team_Pandora/RPGame2/Content/Blueprints/actors/ARC.uasset" 48
"../../../../../../Users/danny/Documents/GitHub/Team_Pandora/RPGame2/Content/Blueprints/actors/ARCTypeT.uasset" 49
"../../../../../../Users/danny/Documents/GitHub/Team_Pandora/RPGame2/Content/Blueprints/actors/DeathZone.uasset" 50
"../../../Engine/Content/Functions/Engine_MaterialFunctions03/Blends/Blend_Overlay.uasset" 51
"../../../Engine/Content/Functions/Engine_MaterialFunctions03/Math/RemapValueRange.uasset" 52
"../../../../../../Users/danny/Documents/GitHub/Team_Pandora/RPGame2/Content/Textures/Gradient.uasset" 53
"../../../../../../Users/danny/Documents/GitHub/Team_Pandora/RPGame2/Content/Textures/gradSquare.uasset" 54
"../../../../../../Users/danny/Documents/GitHub/Team_Pandora/RPGame2/Content/Materials/EndTubeMaterial.uasset" 55
"../../../../../../Users/danny/Documents/GitHub/Team_Pandora/RPGame2/Content/models/Meshes/EndTube.uasset" 56
"../../../../../../Users/danny/Documents/GitHub/Team_Pandora/RPGame2/Content/Blueprints/actors/EndZone.uasset" 57
"../../../../../../Users/danny/Documents/GitHub/Team_Pandora/RPGame2/Content/Blueprints/actors/ThirdPersonCharacter.uasset" 58
"../../../../../../Users/danny/Documents/GitHub/Team_Pandora/RPGame2/Content/Blueprints/Components/SetAbilititesCom.uasset" 59
"../../../../../../Users/danny/Documents/GitHub/Team_Pandora/RPGame2/Content/Blueprints/Components/SwitchInterface.uasset" 60
"../../../../../../Users/danny/Documents/GitHub/Team_Pandora/RPGame2/Content/Blueprints/gamemodes/ARCGM.uasset" 61
"../../../../../../Users/danny/Documents/GitHub/Team_Pandora/RPGame2/Content/Blueprints/widgets/GamePlayWidget.uasset" 62
"../../../../../../Users/danny/Documents/GitHub/Team_Pandora/RPGame2/Content/Blueprints/LvlnMenu.uasset" 63
"../../../../../../Users/danny/Documents/GitHub/Team_Pandora/RPGame2/Content/Textures/octB.uasset" 64
"../../../../../../Users/danny/Documents/GitHub/Team_Pandora/RPGame2/Content/Materials/buttonback2_Mat.uasset" 65
"../../../../../../Users/danny/Documents/GitHub/Team_Pandora/RPGame2/Content/Blueprints/widgets/menucomponents/button.uasset" 66
"../../../../../../Users/danny/Documents/GitHub/Team_Pandora/RPGame2/Content/Blueprints/widgets/InstructionsWidget.uasset" 67
"../../../../../../Users/danny/Documents/GitHub/Team_Pandora/RPGame2/Content/Blueprints/widgets/Instructions.uasset" 68
"../../../../../../Users/danny/Documents/GitHub/Team_Pandora/RPGame2/Content/models/testARC/TestARC_Skeleton.uasset" 69
"../../../../../../Users/danny/Documents/GitHub/Team_Pandora/RPGame2/Content/models/testARC/animations/ARCinAir.uasset" 70
"../../../../../../Users/danny/Documents/GitHub/Team_Pandora/RPGame2/Content/models/testARC/animations/ARCjumpstart.uasset" 71
"../../../../../../Users/danny/Documents/GitHub/Team_Pandora/RPGame2/Content/models/testARC/animations/ARCland.uasset" 72
"../../../../../../Users/danny/Documents/GitHub/Team_Pandora/RPGame2/Content/models/testARC/animations/ARCrun.uasset" 73
"../../../../../../Users/danny/Documents/GitHub/Team_Pandora/RPGame2/Content/models/testARC/animations/ARCwallstick.uasset" 74
"../../../../../../Users/danny/Documents/GitHub/Team_Pandora/RPGame2/Content/models/testARC/animations/ARCIdle.uasset" 75
"../../../../../../Users/danny/Documents/GitHub/Team_Pandora/RPGame2/Content/models/testARC/animations/GroundMove.uasset" 76
"../../../../../../Users/danny/Documents/GitHub/Team_Pandora/RPGame2/Content/models/testARC/animations/ARCwallrun.uasset" 77
"../../../../../../Users/danny/Documents/GitHub/Team_Pandora/RPGame2/Content/models/testARC/animations/ARCwallrun2.uasset" 78
"../../../../../../Users/danny/Documents/GitHub/Team_Pandora/RPGame2/Content/models/testARC/animations/wallRide.uasset" 79
"../../../../../../Users/danny/Documents/GitHub/Team_Pandora/RPGame2/Content/models/testARC/animations/ARCtypeTABP.uasset" 80
"../../../../../../Users/danny/Documents/GitHub/Team_Pandora/RPGame2/Content/Materials/ARCmats/Black.uasset" 81
"../../../../../../Users/danny/Documents/GitHub/Team_Pandora/RPGame2/Content/Textures/mainbodyTextures.uasset" 82
"../../../../../../Users/danny/Documents/GitHub/Team_Pandora/RPGame2/Content/Materials/ARCmats/Material.uasset" 83
"../../../../../../Users/danny/Documents/GitHub/Team_Pandora/RPGame2/Content/models/testARC/TestARC_PhysicsAsset.uasset" 84
"../../../../../../Users/danny/Documents/GitHub/Team_Pandora/RPGame2/Content/models/testARC/TestARC.uasset" 85
"../../../../../../Users/danny/Documents/GitHub/Team_Pandora/RPGame2/Content/Blueprints/widgets/LevelSelectWidget.uasset" 86
"../../../../../../Users/danny/Documents/GitHub/Team_Pandora/RPGame2/Content/Blueprints/widgets/LevelSelect.uasset" 87
"../../../../../../Users/danny/Documents/GitHub/Team_Pandora/RPGame2/Content/Blueprints/widgets/MainmenuWidget.uasset" 88
"../../../../../../Users/danny/Documents/GitHub/Team_Pandora/RPGame2/Content/Blueprints/widgets/Mainmenu.uasset" 89
"../../../../../../Users/danny/Documents/GitHub/Team_Pandora/RPGame2/Content/Blueprints/widgets/ModelViewerWidget.uasset" 90
"../../../../../../Users/danny/Documents/GitHub/Team_Pandora/RPGame2/Content/Blueprints/widgets/ModelViewer.uasset" 91
"../../../../../../Users/danny/Documents/GitHub/Team_Pandora/RPGame2/Content/Textures/hexBack.uasset" 92
"../../../../../../Users/danny/Documents/GitHub/Team_Pandora/RPGame2/Content/Materials/buttonback1_Mat.uasset" 93
"../../../../../../Users/danny/Documents/GitHub/Team_Pandora/RPGame2/Content/Materials/CelShading.uasset" 94
"../../../../../../Users/danny/Documents/GitHub/Team_Pandora/RPGame2/Content/Materials/Dissolve.uasset" 95
"../../../../../../Users/danny/Documents/GitHub/Team_Pandora/RPGame2/Content/Materials/Invisible.uasset" 96
"../../../../../../Users/danny/Documents/GitHub/Team_Pandora/RPGame2/Content/Materials/PhaseMat.uasset" 97
"../../../../../../Users/danny/Documents/GitHub/Team_Pandora/RPGame2/Content/Materials/PhaseMat_Inst.uasset" 98
"../../../../../../Users/danny/Documents/GitHub/Team_Pandora/RPGame2/Content/Materials/Swithc.uasset" 99
"../../../../../../Users/danny/Documents/GitHub/Team_Pandora/RPGame2/Content/Materials/MaterialLayers/T_ML_Rubber_Blue_01_D.uasset" 100
"../../../../../../Users/danny/Documents/GitHub/Team_Pandora/RPGame2/Content/Materials/MaterialLayers/T_ML_Rubber_Blue_01_N.uasset" 101
"../../../../../../Users/danny/Documents/GitHub/Team_Pandora/RPGame2/Content/Materials/MaterialLayers/ML_GlossyBlack_Latex_UE4.uasset" 102
"../../../../../../Users/danny/Documents/GitHub/Team_Pandora/RPGame2/Content/Materials/MaterialLayers/ML_Plastic_Shiny_Beige.uasset" 103
"../../../../../../Users/danny/Documents/GitHub/Team_Pandora/RPGame2/Content/Textures/UE4_LOGO_CARD.uasset" 104
"../../../../../../Users/danny/Documents/GitHub/Team_Pandora/RPGame2/Content/Materials/MaterialLayers/ML_Plastic_Shiny_Beige_LOGO.uasset" 105
"../../../../../../Users/danny/Documents/GitHub/Team_Pandora/RPGame2/Content/Materials/MaterialLayers/T_ML_Aluminum01.uasset" 106
"../../../../../../Users/danny/Documents/GitHub/Team_Pandora/RPGame2/Content/Materials/MaterialLayers/T_ML_Aluminum01_N.uasset" 107
"../../../../../../Users/danny/Documents/GitHub/Team_Pandora/RPGame2/Content/Materials/MaterialLayers/ML_SoftMetal_UE4.uasset" 108
"../../../../../../Users/danny/Documents/GitHub/Team_Pandora/RPGame2/Content/models/ARCMain/animations/Airborne.uasset" 109
"../../../../../../Users/danny/Documents/GitHub/Team_Pandora/RPGame2/Content/models/ARCMain/animations/WStick.uasset" 110
"../../../../../../Users/danny/Documents/GitHub/Team_Pandora/RPGame2/Content/models/Mannequin/Animations/ThirdPersonJump_End.uasset" 111
"../../../Engine/Content/Functions/Engine_MaterialFunctions02/Utility/BlendAngleCorrectedNormals.uasset" 112
"../../../Engine/Content/Functions/MaterialLayerFunctions/MatLayerBlend_NormalBlend.uasset" 113
"../../../Engine/Content/Functions/MaterialLayerFunctions/MatLayerBlend_Simple.uasset" 114
"../../../../../../Users/danny/Documents/GitHub/Team_Pandora/RPGame2/Content/models/Mannequin/Character/Materials/MaterialLayers/T_ML_Rubber_Blue_01_D.uasset" 115
"../../../../../../Users/danny/Documents/GitHub/Team_Pandora/RPGame2/Content/models/Mannequin/Character/Materials/MaterialLayers/T_ML_Rubber_Blue_01_N.uasset" 116
"../../../../../../Users/danny/Documents/GitHub/Team_Pandora/RPGame2/Content/models/Mannequin/Character/Materials/MaterialLayers/ML_GlossyBlack_Latex_UE4.uasset" 117
"../../../../../../Users/danny/Documents/GitHub/Team_Pandora/RPGame2/Content/models/Mannequin/Character/Materials/MaterialLayers/ML_Plastic_Shiny_Beige.uasset" 118
"../../../../../../Users/danny/Documents/GitHub/Team_Pandora/RPGame2/Content/models/Mannequin/Character/Textures/UE4_LOGO_CARD.uasset" 119
"../../../../../../Users/danny/Documents/GitHub/Team_Pandora/RPGame2/Content/models/Mannequin/Character/Materials/MaterialLayers/ML_Plastic_Shiny_Beige_LOGO.uasset" 120
"../../../../../../Users/danny/Documents/GitHub/Team_Pandora/RPGame2/Content/models/Mannequin/Character/Materials/MaterialLayers/T_ML_Aluminum01.uasset" 121
"../../../../../../Users/danny/Documents/GitHub/Team_Pandora/RPGame2/Content/models/Mannequin/Character/Materials/MaterialLayers/T_ML_Aluminum01_N.uasset" 122
"../../../../../../Users/danny/Documents/GitHub/Team_Pandora/RPGame2/Content/models/Mannequin/Character/Materials/MaterialLayers/ML_SoftMetal_UE4.uasset" 123
"../../../../../../Users/danny/Documents/GitHub/Team_Pandora/RPGame2/Content/models/Mannequin/Character/Textures/UE4_Mannequin__normals.uasset" 124
"../../../../../../Users/danny/Documents/GitHub/Team_Pandora/RPGame2/Content/models/Mannequin/Character/Textures/UE4_Mannequin_MAT_MASKA.uasset" 125
"../../../../../../Users/danny/Documents/GitHub/Team_Pandora/RPGame2/Content/models/Mannequin/Character/Materials/M_UE4Man_Body.uasset" 126
"../../../../../../Users/danny/Documents/GitHub/Team_Pandora/RPGame2/Content/models/Mannequin/Character/Textures/UE4Man_Logo_N.uasset" 127
"../../../../../../Users/danny/Documents/GitHub/Team_Pandora/RPGame2/Content/models/Mannequin/Character/Materials/M_UE4Man_ChestLogo.uasset" 128
"../../../../../../Users/danny/Documents/GitHub/Team_Pandora/RPGame2/Content/Materials/CubeMaterial.uasset" 129
"../../../../../../Users/danny/Documents/GitHub/Team_Pandora/RPGame2/Content/models/Meshes/1M_Cube.uasset" 130
"../../../../../../Users/danny/Documents/GitHub/Team_Pandora/RPGame2/Content/models/Meshes/1M_Cube_Chamfer.uasset" 131
"../../../../../../Users/danny/Documents/GitHub/Team_Pandora/RPGame2/Content/models/Meshes/block_tex1.uasset" 132
"../../../../../../Users/danny/Documents/GitHub/Team_Pandora/RPGame2/Content/models/Meshes/bumpMap.uasset" 133
"../../../../../../Users/danny/Documents/GitHub/Team_Pandora/RPGame2/Content/models/Meshes/Block_Tex.uasset" 134
"../../../../../../Users/danny/Documents/GitHub/Team_Pandora/RPGame2/Content/Materials/RampMaterial.uasset" 135
"../../../../../../Users/danny/Documents/GitHub/Team_Pandora/RPGame2/Content/models/Meshes/Bump_StaticMesh.uasset" 136
"../../../../../../Users/danny/Documents/GitHub/Team_Pandora/RPGame2/Content/models/Meshes/CubeMaterial.uasset" 137
"../../../../../../Users/danny/Documents/GitHub/Team_Pandora/RPGame2/Content/models/Meshes/heightmap.uasset" 138
"../../../../../../Users/danny/Documents/GitHub/Team_Pandora/RPGame2/Content/models/Meshes/LeftArm_StaticMesh.uasset" 139
"../../../../../../Users/danny/Documents/GitHub/Team_Pandora/RPGame2/Content/models/Meshes/Linear_Stair_StaticMesh.uasset" 140
"../../../../../../Users/danny/Documents/GitHub/Team_Pandora/RPGame2/Content/models/Meshes/PhaseGate.uasset" 141
"../../../../../../Users/danny/Documents/GitHub/Team_Pandora/RPGame2/Content/models/Meshes/RampMaterial.uasset" 142
"../../../../../../Users/danny/Documents/GitHub/Team_Pandora/RPGame2/Content/models/Meshes/Ramp_StaticMesh.uasset" 143
"../../../../../../Users/danny/Documents/GitHub/Team_Pandora/RPGame2/Content/models/Meshes/RightArm_StaticMesh.uasset" 144
"../../../../../../Users/danny/Documents/GitHub/Team_Pandora/RPGame2/Content/models/Meshes/TemplateFloor.uasset" 145
"../../../../../../Users/danny/Documents/GitHub/Team_Pandora/RPGame2/Content/models/Meshes/PhaseGate1/PhaseGate2/PhaseGate_lambert1_BaseColor.uasset" 146
"../../../../../../Users/danny/Documents/GitHub/Team_Pandora/RPGame2/Content/models/Meshes/PhaseGate1/PhaseGate2/PhaseGate_lambert1_Normal.uasset" 147
"../../../../../../Users/danny/Documents/GitHub/Team_Pandora/RPGame2/Content/models/Meshes/PhaseGate1/PhaseGate2/PhaseGate_lambert1_OcclusionRoughnessMetallic.uasset" 148
"../../../../../../Users/danny/Documents/GitHub/Team_Pandora/RPGame2/Content/models/Meshes/PhaseGate1/PhaseGate2/lambert1.uasset" 149
"../../../../../../Users/danny/Documents/GitHub/Team_Pandora/RPGame2/Content/models/Meshes/PhaseGate1/PhaseGate2/PhaseGate.uasset" 150
"../../../../../../Users/danny/Documents/GitHub/Team_Pandora/RPGame2/Content/Textures/Cubestandard.uasset" 151
"../../../../../../Users/danny/Documents/GitHub/Team_Pandora/RPGame2/Content/Textures/Emission.uasset" 152
"../../../../../../Users/danny/Documents/GitHub/Team_Pandora/RPGame2/Content/Materials/LightMaterials.uasset" 153
"../../../../../../Users/danny/Documents/GitHub/Team_Pandora/RPGame2/Content/models/Light.uasset" 154
"../../../../../../Users/danny/Documents/GitHub/Team_Pandora/RPGame2/Content/models/MovingLights/MovingLight3.uasset" 155
"../../../../../../Users/danny/Documents/GitHub/Team_Pandora/RPGame2/Content/models/MovingLights/MovingLight4.uasset" 156
"../../../../../../Users/danny/Documents/GitHub/Team_Pandora/RPGame2/Content/models/MovingLights/MovingLightLamp.uasset" 157
"../../../../../../Users/danny/Documents/GitHub/Team_Pandora/RPGame2/Content/models/MovingLights/MovingLightLampBackWards.uasset" 158
"../../../../../../Users/danny/Documents/GitHub/Team_Pandora/RPGame2/Content/Textures/buttonback1.uasset" 159
"../../../../../../Users/danny/Documents/GitHub/Team_Pandora/RPGame2/Content/Textures/buttonback2.uasset" 160
"../../../../../../Users/danny/Documents/GitHub/Team_Pandora/RPGame2/Content/Textures/colramp.uasset" 161
"../../../../../../Users/danny/Documents/GitHub/Team_Pandora/RPGame2/Content/Textures/heightmap.uasset" 162
"../../../../../../Users/danny/Documents/GitHub/Team_Pandora/RPGame2/Content/Textures/octback.uasset" 163
"../../../../../../Users/danny/Documents/GitHub/Team_Pandora/RPGame2/Content/Textures/octback2.uasset" 164
"../../../../../../Users/danny/Documents/GitHub/Team_Pandora/RPGame2/Content/Textures/UE4_Mannequin_MAT_MASKA.uasset" 165
"../../../../../../Users/danny/Documents/GitHub/Team_Pandora/RPGame2/Content/Textures/UE4_Mannequin__normals.uasset" 166
"../../../Engine/Content/Animation/DefaultAnimCurveCompressionSettings.uasset" 167
"../../../Engine/Content/Functions/Engine_MaterialFunctions01/Opacity/CameraDepthFade.uasset" 168
"../../../Engine/Content/EngineMaterials/T_Default_Material_Grid_M.uasset" 169
"../../../Engine/Content/EngineMaterials/T_Default_Material_Grid_N.uasset" 170
"../../../Engine/Content/EngineMaterials/WorldGridMaterial.uasset" 171
"../../../Engine/Content/ArtTools/RenderToTexture/Meshes/S_1_Unit_Plane.uasset" 172
"../../../Engine/Content/EngineMaterials/DefaultMaterial.uasset" 173
"../../../Engine/Content/BasicShapes/Cone.uasset" 174
"../../../Engine/Content/BasicShapes/Cylinder.uasset" 175
"../../../Engine/Content/BasicShapes/Sphere.uasset" 176
"../../../Engine/Content/EditorLandscapeResources/DataLayer.uasset" 177
"../../../Engine/Content/EditorMaterials/GizmoMaterial.uasset" 178
"../../../Engine/Content/EditorMaterials/MAT_Groups_Toggle.uasset" 179
"../../../Engine/Content/EditorMaterials/MAT_Groups_Visibility.uasset" 180
"../../../Engine/Content/EditorMaterials/PreviewShadowIndicator.uasset" 181
"../../../Engine/Content/EditorMaterials/PreviewShadowIndicatorMaterial.uasset" 182
"../../../Engine/Content/EditorMaterials/MatineeGroups/MAT_ColorTrack.uasset" 183
"../../../Engine/Content/EditorMaterials/MatineeGroups/MAT_Groups_Anim.uasset" 184
"../../../Engine/Content/EditorMaterials/MatineeGroups/MAT_Groups_AudioMaster.uasset" 185
"../../../Engine/Content/EditorMaterials/MatineeGroups/MAT_Groups_Director.uasset" 186
"../../../Engine/Content/EditorMaterials/MatineeGroups/MAT_Groups_Event.uasset" 187
"../../../Engine/Content/EditorMaterials/MatineeGroups/MAT_Groups_Fade.uasset" 188
"../../../Engine/Content/EditorMaterials/MatineeGroups/MAT_Groups_Float.uasset" 189
"../../../Engine/Content/EditorMaterials/MatineeGroups/MAT_Groups_Move.uasset" 190
"../../../Engine/Content/EditorMaterials/MatineeGroups/MAT_Groups_Slomo.uasset" 191
"../../../Engine/Content/EditorMaterials/MatineeGroups/MAT_Groups_Sound.uasset" 192
"../../../Engine/Content/EditorMaterials/MatineeGroups/MAT_Groups_Vector.uasset" 193
"../../../Engine/Content/EditorMaterials/ParticleSystems/PSysThumbnail_NoImage.uasset" 194
"../../../Engine/Content/EditorMaterials/ParticleSystems/PSysThumbnail_OOD.uasset" 195
"../../../Engine/Content/EditorMaterials/Camera/CineMat.uasset" 196
"../../../Engine/Content/EditorMaterials/Camera/MI_CineMat_Rig.uasset" 197
"../../../Engine/Content/EditorMeshes/Camera/SM_CraneRig_Arm.uasset" 198
"../../../Engine/Content/EditorMeshes/Camera/SM_CraneRig_Base.uasset" 199
"../../../Engine/Content/EditorMeshes/Camera/SM_CraneRig_Body.uasset" 200
"../../../Engine/Content/EditorMeshes/Camera/SM_CraneRig_Mount.uasset" 201
"../../../Engine/Content/EditorMeshes/Camera/SM_RailRig_Mount.uasset" 202
"../../../Engine/Content/EditorMeshes/Camera/SM_RailRig_Track.uasset" 203
"../../../Engine/Content/EditorResources/BSPVertex.uasset" 204
"../../../Engine/Content/EditorResources/EmptyActor.uasset" 205
"../../../Engine/Content/EditorResources/S_Actor.uasset" 206
"../../../Engine/Content/EditorResources/S_Note.uasset" 207
"../../../Engine/Content/EditorResources/S_Trigger.uasset" 208
"../../../Engine/Content/EditorResources/LightIcons/S_LightError.uasset" 209
"../../../Engine/Content/EditorResources/SequenceRecorder/Countdown.uasset" 210
"../../../Engine/Content/EditorResources/SequenceRecorder/RecordingIndicator.uasset" 211
"../../../Engine/Content/EditorSounds/Notifications/CompileFailed.uasset" 212
"../../../Engine/Content/EditorSounds/Notifications/CompileFailed_Cue.uasset" 213
"../../../Engine/Content/EditorSounds/Notifications/CompileSuccess.uasset" 214
"../../../Engine/Content/EditorSounds/Notifications/CompileStart_Cue.uasset" 215
"../../../Engine/Content/EditorSounds/Notifications/CompileSuccess_Cue.uasset" 216
"../../../Engine/Content/EngineDamageTypes/DmgTypeBP_Environmental.uasset" 217
"../../../Engine/Content/EngineDebugMaterials/HeatmapGradient.uasset" 218
"../../../Engine/Content/EngineDebugMaterials/BoneWeightMaterial.uasset" 219
"../../../Engine/Content/EngineDebugMaterials/ClothMaterial.uasset" 220
"../../../Engine/Content/EngineDebugMaterials/ClothMaterial_WF.uasset" 221
"../../../Engine/Content/EngineDebugMaterials/DebugEditorMaterial.uasset" 222
"../../../Engine/Content/EngineDebugMaterials/DebugMeshMaterial.uasset" 223
"../../../Engine/Content/EngineDebugMaterials/GeomMaterial.uasset" 224
"../../../Engine/Content/EngineDebugMaterials/M_SimpleTranslucent.uasset" 225
"../../../Engine/Content/EngineFonts/Faces/RobotoBold.uasset" 226
"../../../Engine/Content/EngineFonts/Faces/RobotoBoldItalic.uasset" 227
"../../../Engine/Content/EngineFonts/Faces/RobotoItalic.uasset" 228
"../../../Engine/Content/EngineFonts/Faces/RobotoLight.uasset" 229
"../../../Engine/Content/EngineFonts/Faces/RobotoRegular.uasset" 230
"../../../Engine/Content/EngineFonts/Roboto.uasset" 231
"../../../Engine/Content/EngineFonts/Faces/RobotoTiny.uasset" 232
"../../../Engine/Content/EngineFonts/RobotoTiny.uasset" 233
"../../../Engine/Content/EngineMaterials/BaseFlattenDiffuseMap.uasset" 234
"../../../Engine/Content/EngineMaterials/BaseFlattenEmissiveMap.uasset" 235
"../../../Engine/Content/EngineMaterials/BaseFlattenGrayscaleMap.uasset" 236
"../../../Engine/Content/EngineMaterials/BaseFlattenNormalMap.uasset" 237
"../../../Engine/Content/EngineMaterials/BaseFlattenMaterial.uasset" 238
"../../../Engine/Content/EngineMaterials/DefaultBloomKernel.uasset" 239
"../../../Engine/Content/EngineMaterials/DefaultBokeh.uasset" 240
"../../../Engine/Content/EngineMaterials/DefaultDiffuse.uasset" 241
"../../../Engine/Content/EngineMaterials/DefaultDeferredDecalMaterial.uasset" 242
"../../../Engine/Content/EngineMaterials/DefaultLightFunctionMaterial.uasset" 243
"../../../Engine/Content/EngineMaterials/DefaultPhysicalMaterial.uasset" 244
"../../../Engine/Content/Functions/Engine_MaterialFunctions02/Utility/BreakOutFloat2Components.uasset" 245
"../../../Engine/Content/EngineMaterials/DefaultPostProcessMaterial.uasset" 246
"../../../Engine/Content/EngineFonts/RobotoDistanceField.uasset" 247
"../../../Engine/Content/EngineMaterials/DefaultTextMaterialOpaque.uasset" 248
"../../../Engine/Content/EngineMaterials/DefaultWhiteGrid.uasset" 249
"../../../Engine/Content/EngineMaterials/EditorBrushMaterial.uasset" 250
"../../../Engine/Content/EngineMaterials/Good64x64TilingNoiseHighFreq.uasset" 251
"../../../Engine/Content/EngineMaterials/MiniFont.uasset" 252
"../../../Engine/Content/EngineMaterials/InvalidLightmapSettings.uasset" 253
"../../../Engine/Content/EngineMaterials/M_InvalidLightmapSettings.uasset" 254
"../../../Engine/Content/Functions/Engine_MaterialFunctions02/WorldPositionOffset/CameraOffset.uasset" 255
"../../../Engine/Content/EngineMaterials/PhAT_JointLimitMaterial.uasset" 256
"../../../Engine/Content/EngineMaterials/PreintegratedSkinBRDF.uasset" 257
"../../../Engine/Content/EngineMaterials/RemoveSurfaceMaterial.uasset" 258
"../../../Engine/Content/EngineMaterials/WeightMapPlaceholderTexture.uasset" 259
"../../../Engine/Content/EngineResources/WhiteSquareTexture.uasset" 260
"../../../Engine/Content/EngineMaterials/Widget3DPassThrough.uasset" 261
"../../../Engine/Content/EngineMaterials/Widget3DPassThrough_Masked.uasset" 262
"../../../Engine/Content/EngineMaterials/Widget3DPassThrough_Opaque.uasset" 263
"../../../Engine/Content/EngineMaterials/Widget3DPassThrough_Masked_OneSided.uasset" 264
"../../../Engine/Content/EngineMaterials/Widget3DPassThrough_Opaque_OneSided.uasset" 265
"../../../Engine/Content/EngineMaterials/Widget3DPassThrough_Translucent.uasset" 266
"../../../Engine/Content/EngineMaterials/Widget3DPassThrough_Translucent_OneSided.uasset" 267
"../../../Engine/Content/EngineMeshes/Cylinder.uasset" 268
"../../../Engine/Content/EngineMeshes/Sphere.uasset" 269
"../../../Engine/Content/EngineResources/Black.uasset" 270
"../../../Engine/Content/EngineResources/DefaultTexture.uasset" 271
"../../../Engine/Content/EngineResources/DefaultTextureCube.uasset" 272
"../../../Engine/Content/EngineResources/DefaultVolumeTexture2D.uasset" 273
"../../../Engine/Content/EngineResources/DefaultVolumeTexture.uasset" 274
"../../../Engine/Content/EngineResources/GradientTexture0.uasset" 275
"../../../Engine/Content/EngineSounds/Master.uasset" 276
"../../../Engine/Content/Functions/Engine_MaterialFunctions01/Shading/ConvertFromDiffSpec.uasset" 277
"../../../Engine/Content/Functions/Engine_MaterialFunctions01/Shading/PowerToRoughness.uasset" 278
"../../../Engine/Content/Maps/Templates/Thumbnails/Default.uasset" 279
"../../../Engine/Content/Maps/Templates/Thumbnails/VR-Basic.uasset" 280
"../../../Engine/Content/MobileResources/T_MobileControls_texture.uasset" 281
"../../../Engine/Content/MobileResources/T_MobileMenu2.uasset" 282
"../../../Engine/Content/MobileResources/HUD/AnalogHat.uasset" 283
"../../../Engine/Content/MobileResources/HUD/VirtualJoystick_Background.uasset" 284
"../../../Engine/Content/MobileResources/HUD/VirtualJoystick_Thumb.uasset" 285
"../../../Engine/Content/MobileResources/HUD/DefaultVirtualJoysticks.uasset" 286
"../../../Engine/Content/MobileResources/HUD/LeftVirtualJoystickOnly.uasset" 287
"../../../Engine/Content/MobileResources/HUD/MobileHUDButton1_off.uasset" 288
"../../../Engine/Content/MobileResources/HUD/MobileHUDButton1_on.uasset" 289
"../../../Engine/Content/MobileResources/HUD/MobileHUDButton2_off.uasset" 290
"../../../Engine/Content/MobileResources/HUD/MobileHUDButton2_on.uasset" 291
"../../../Engine/Content/MobileResources/HUD/MobileHUDButton3.uasset" 292
"../../../Engine/Content/MobileResources/HUD/MobileHUDButtonFire.uasset" 293
"../../../Engine/Content/MobileResources/HUD/MobileHUDDirectionPad.uasset" 294
"../../../Engine/Content/MobileResources/HUD/MobileHUDDirectionPad2.uasset" 295
"../../../Engine/Content/MobileResources/HUD/MobileHUDDirectionPad3.uasset" 296
"../../../Engine/Content/MobileResources/HUD/MobileHUDDirectionStick.uasset" 297
"../../../Engine/Content/MobileResources/HUD/T_Castle_ThumbstickInner.uasset" 298
"../../../Engine/Content/MobileResources/HUD/T_Castle_ThumbstickOutter.uasset" 299
"../../../Engine/Content/Tutorial/ContentIntroCurve.uasset" 300
"../../../Engine/Content/Tutorial/Basics/LevelEditorAttract.uasset" 301
"../../../Engine/Content/VREditor/LaserPointer/VR_LaserPower_01.uasset" 302
"../../../Engine/Content/VREditor/TransformGizmo/TransformGizmoMaterial.uasset" 303
"../../../Engine/Content/VREditor/TransformGizmo/TranslucentTransformGizmoMaterial.uasset" 304
"../../../Engine/Content/VREditor/TransformGizmo/BoundingBoxCorner.uasset" 305
"../../../Engine/Content/VREditor/TransformGizmo/BoundingBoxEdge.uasset" 306
"../../../Engine/Content/VREditor/TransformGizmo/PlaneTranslationHandle.uasset" 307
"../../../Engine/Content/VREditor/TransformGizmo/Main.uasset" 308
"../../../Engine/Content/VREditor/TransformGizmo/Xray.uasset" 309
"../../../Engine/Content/VREditor/TransformGizmo/SM_Sequencer_Key.uasset" 310
"../../../Engine/Content/VREditor/TransformGizmo/SM_Sequencer_Node.uasset" 311
"../../Plugins/2D/Paper2D/Content/PlaceholderTextures/DummySpriteTexture.uasset" 312
"../../Plugins/2D/Paper2D/Content/DummySprite.uasset" 313
"../../Plugins/2D/Paper2D/Content/DefaultPaperTerrainMaterial.uasset" 314
"../../Plugins/2D/Paper2D/Content/DummySpriteTexture.uasset" 315
"../../Plugins/2D/Paper2D/Content/DefaultSpriteMaterial.uasset" 316
"../../Plugins/2D/Paper2D/Content/MaskedUnlitSpriteMaterial.uasset" 317
"../../Plugins/2D/Paper2D/Content/OpaqueUnlitSpriteMaterial.uasset" 318
"../../Plugins/Runtime/Oculus/OculusVR/Content/OculusMR_RenderTarget.uasset" 319
"../../../Engine/Content/Functions/Engine_MaterialFunctions02/Utility/BreakOutFloat4Components.uasset" 320
"../../../Engine/Content/Functions/Engine_MaterialFunctions02/Utility/MakeFloat2.uasset" 321
"../../../Engine/Content/Functions/Engine_MaterialFunctions02/Utility/MakeFloat3.uasset" 322
"../../Plugins/Runtime/Oculus/OculusVR/Content/Materials/OculusMR_ChromaKey.uasset" 323
"../../Plugins/Runtime/Oculus/OculusVR/Content/Materials/OculusMR_ChromaKey_Lit.uasset" 324
"../../Plugins/Runtime/Oculus/OculusVR/Content/Materials/OculusMR_OpaqueColoredMaterial.uasset" 325
"../../Plugins/Runtime/Oculus/OculusVR/Content/Materials/OculusMR_WhiteMaterial.uasset" 326
"../../Plugins/Runtime/Oculus/OculusVR/Content/Materials/PokeAHoleMaterial.uasset" 327
"../../Plugins/Runtime/Oculus/OculusVR/Content/Textures/GearVRController_AO.uasset" 328
"../../Plugins/Runtime/Oculus/OculusVR/Content/Textures/GearVRController_Color.uasset" 329
"../../Plugins/Runtime/Oculus/OculusVR/Content/Textures/GearVRController_Normal.uasset" 330
"../../Plugins/Runtime/Oculus/OculusVR/Content/Materials/GearVRControllerMaterial.uasset" 331
"../../Plugins/Runtime/Oculus/OculusVR/Content/Meshes/GearVrController.uasset" 332
"../../Plugins/Runtime/Oculus/OculusVR/Content/Textures/touchController_albedo.uasset" 333
"../../Plugins/Runtime/Oculus/OculusVR/Content/Textures/touchController_controlmap.uasset" 334
"../../Plugins/Runtime/Oculus/OculusVR/Content/Materials/touchController_mat.uasset" 335
"../../Plugins/Runtime/Oculus/OculusVR/Content/Meshes/LeftTouchController.uasset" 336
"../../Plugins/Runtime/Oculus/OculusVR/Content/Meshes/RiftHMD.uasset" 337
"../../Plugins/Runtime/Oculus/OculusVR/Content/Meshes/RightTouchController.uasset" 338
"../../../Engine/Content/EngineSky/C_Sky_Cloud_Color.uasset" 339
"../../../Engine/Content/EngineSky/C_Sky_Horizon_Color.uasset" 340
"../../../Engine/Content/EngineSky/C_Sky_Zenith_Color.uasset" 341
"../../../Engine/Content/EngineSky/T_Sky_Blue.uasset" 342
"../../../Engine/Content/EngineSky/T_Sky_Clouds_M.uasset" 343
"../../../Engine/Content/EngineSky/T_Sky_Stars.uasset" 344
"../../../Engine/Content/EngineSky/M_Sky_Panning_Clouds2.uasset" 345
"../../../Engine/Content/EngineSky/SM_SkySphere.uasset" 346
"../../../Engine/Content/EngineSky/BP_Sky_Sphere.uasset" 347
"../../../../../../Users/danny/Documents/GitHub/Team_Pandora/RPGame2/Content/Textures/checkerboard.uasset" 348
"../../../../../../Users/danny/Documents/GitHub/Team_Pandora/RPGame2/Content/Materials/Checkerboardmaterial.uasset" 349
"../../../Engine/Content/BasicShapes/Plane.uasset" 350
"../../../../../../Users/danny/Documents/GitHub/Team_Pandora/RPGame2/Content/Blueprints/actors/Checkpoint.uasset" 351
"../../../../../../Users/danny/Documents/GitHub/Team_Pandora/RPGame2/Content/Blueprints/actors/ARC12.uasset" 352
"../../../../../../Users/danny/Documents/GitHub/Team_Pandora/RPGame2/Content/Blueprints/gamemodes/ThirdPersonGameMode.uasset" 353
"../../../../../../Users/danny/Documents/GitHub/Team_Pandora/RPGame2/Content/Maps/Levels/Level4_BuiltData.uasset" 354
"../../../../../../Users/danny/Documents/GitHub/Team_Pandora/RPGame2/Content/Textures/block_tex1.uasset" 355
"../../../../../../Users/danny/Documents/GitHub/Team_Pandora/RPGame2/Content/Textures/bumpMap.uasset" 356
"../../../../../../Users/danny/Documents/GitHub/Team_Pandora/RPGame2/Content/Materials/Block_Tex.uasset" 357
"../../../../../../Users/danny/Documents/GitHub/Team_Pandora/RPGame2/Content/models/Meshes/Blocks_Cube.uasset" 358
"../../../../../../Users/danny/Documents/GitHub/Team_Pandora/RPGame2/Content/models/Meshes/Blocks_CubeBig.uasset" 359
"../../../../../../Users/danny/Documents/GitHub/Team_Pandora/RPGame2/Content/models/Meshes/Blocks_Cubeup.uasset" 360
"../../../../../../Users/danny/Documents/GitHub/Team_Pandora/RPGame2/Content/models/Meshes/Blocks_Scube.uasset" 361
"../../../../../../Users/danny/Documents/GitHub/Team_Pandora/RPGame2/Content/Maps/Levels/Level4.umap" 362
"../../../../../../Users/danny/Documents/GitHub/Team_Pandora/RPGame2/Content/Maps/Levels/Level5.umap" 363
"../../../../../../Users/danny/Documents/GitHub/Team_Pandora/RPGame2/Content/Maps/menus/MainMenu_BuiltData.uasset" 364
"../../../../../../Users/danny/Documents/GitHub/Team_Pandora/RPGame2/Content/Maps/menus/MainMenu.umap" 365
"../../../../../../Users/danny/Documents/GitHub/Team_Pandora/RPGame2/Content/Maps/testMaps/DoubleJumpTest_BuiltData.uasset" 366
"../../../../../../Users/danny/Documents/GitHub/Team_Pandora/RPGame2/Content/Maps/testMaps/DoubleJumpTest.umap" 367
"../../../../../../Users/danny/Documents/GitHub/Team_Pandora/RPGame2/Content/Maps/testMaps/GrapplingHookTest_BuiltData.uasset" 368
"../../../../../../Users/danny/Documents/GitHub/Team_Pandora/RPGame2/Content/Maps/testMaps/GrapplingHookTest.umap" 369
"../../../Engine/Content/BasicShapes/Cube.uasset" 370
"../../../../../../Users/danny/Documents/GitHub/Team_Pandora/RPGame2/Content/Blueprints/actors/phaseBlock.uasset" 371
"../../../../../../Users/danny/Documents/GitHub/Team_Pandora/RPGame2/Content/Blueprints/actors/PhaseGate.uasset" 372
"../../../../../../Users/danny/Documents/GitHub/Team_Pandora/RPGame2/Content/Maps/testMaps/PhasingTest_BuiltData.uasset" 373
"../../../../../../Users/danny/Documents/GitHub/Team_Pandora/RPGame2/Content/Maps/testMaps/PhasingTest.umap" 374
"../../../../../../Users/danny/Documents/GitHub/Team_Pandora/RPGame2/Content/Textures/impactblock1.uasset" 375
"../../../../../../Users/danny/Documents/GitHub/Team_Pandora/RPGame2/Content/Materials/IBMat.uasset" 376
"../../../../../../Users/danny/Documents/GitHub/Team_Pandora/RPGame2/Content/models/ImpactBlock.uasset" 377
"../../../../../../Users/danny/Documents/GitHub/Team_Pandora/RPGame2/Content/Blueprints/actors/ImpactWall.uasset" 378
"../../../../../../Users/danny/Documents/GitHub/Team_Pandora/RPGame2/Content/Maps/testMaps/SuperDashTest_BuiltData.uasset" 379
"../../../../../../Users/danny/Documents/GitHub/Team_Pandora/RPGame2/Content/Maps/testMaps/SuperDashTest.umap" 380
"../../../../../../Users/danny/Documents/GitHub/Team_Pandora/RPGame2/Content/Maps/testMaps/WallRideTest_BuiltData.uasset" 381
"../../../../../../Users/danny/Documents/GitHub/Team_Pandora/RPGame2/Content/Maps/testMaps/WallRideTest.umap" 382
"../../../../../../Users/danny/Documents/GitHub/Team_Pandora/RPGame2/Content/Maps/testMaps/WallStickTest_BuiltData.uasset" 383
"../../../../../../Users/danny/Documents/GitHub/Team_Pandora/RPGame2/Content/Maps/testMaps/WallStickTest.umap" 384
"../../../Engine/Content/Maps/Entry_BuiltData.uasset" 385
"../../../Engine/Content/Maps/Entry.umap" 386
