Log file open, 04/18/20 23:36:17
LogWindows: Failed to load 'aqProf.dll' (GetLastError=126)
LogWindows: File 'aqProf.dll' does not exist
LogWindows: Failed to load 'VtuneApi.dll' (GetLastError=126)
LogWindows: File 'VtuneApi.dll' does not exist
LogWindows: Failed to load 'VtuneApi32e.dll' (GetLastError=126)
LogWindows: File 'VtuneApi32e.dll' does not exist
LogConsoleResponse: Display: Failed to find resolution value strings in scalability ini. Falling back to default.
LogInit: Display: Running engine for game: RPGame2
LogPakFile: Registered encryption key '00000000000000000000000000000000': 0 pak files mounted, 0 remain pending
LogPlatformFile: Not using cached read wrapper
LogTaskGraph: Started task graph with 5 named threads and 23 total threads with 3 sets of task threads.
LogStats: Stats thread started at 0.407334
LogD3D11RHI: Loaded GFSDK_Aftermath_Lib.x64.dll
LogICUInternationalization: ICU TimeZone Detection - Raw Offset: +0:00, Platform Override: ''
LogPluginManager: Mounting plugin Paper2D
LogPluginManager: Mounting plugin AISupport
LogPluginManager: Mounting plugin LightPropagationVolume
LogPluginManager: Mounting plugin ActorLayerUtilities
LogPluginManager: Mounting plugin AnimationSharing
LogPluginManager: Mounting plugin CLionSourceCodeAccess
LogPluginManager: Mounting plugin CodeLiteSourceCodeAccess
LogPluginManager: Mounting plugin GitSourceControl
LogPluginManager: Mounting plugin KDevelopSourceCodeAccess
LogPluginManager: Mounting plugin NullSourceCodeAccess
LogPluginManager: Mounting plugin PerforceSourceControl
LogPluginManager: Mounting plugin SubversionSourceControl
LogPluginManager: Mounting plugin UObjectPlugin
LogPluginManager: Mounting plugin VisualStudioCodeSourceCodeAccess
LogPluginManager: Mounting plugin VisualStudioSourceCodeAccess
LogPluginManager: Mounting plugin XCodeSourceCodeAccess
LogPluginManager: Mounting plugin AssetManagerEditor
LogPluginManager: Mounting plugin CryptoKeys
LogPluginManager: Mounting plugin DataValidation
LogPluginManager: Mounting plugin FacialAnimation
LogPluginManager: Mounting plugin GameplayTagsEditor
LogPluginManager: Mounting plugin MacGraphicsSwitching
LogPluginManager: Mounting plugin MaterialAnalyzer
LogPluginManager: Mounting plugin MobileLauncherProfileWizard
LogPluginManager: Mounting plugin PluginBrowser
LogPluginManager: Mounting plugin SpeedTreeImporter
LogPluginManager: Mounting plugin DatasmithContent
LogPluginManager: Mounting plugin VariantManagerContent
LogPluginManager: Mounting plugin AlembicImporter
LogPluginManager: Mounting plugin AppleImageUtils
LogPluginManager: Mounting plugin AppleVision
LogPluginManager: Mounting plugin BackChannel
LogPluginManager: Mounting plugin CharacterAI
LogPluginManager: Mounting plugin GeometryCache
LogPluginManager: Mounting plugin HTML5Networking
LogPluginManager: Mounting plugin ProxyLODPlugin
LogPluginManager: Mounting plugin SkeletalReduction
LogPluginManager: Mounting plugin MagicLeap
LogPluginManager: Mounting plugin MagicLeapMedia
LogPluginManager: Mounting plugin AndroidMedia
LogPluginManager: Mounting plugin AvfMedia
LogPluginManager: Mounting plugin ImgMedia
LogPluginManager: Mounting plugin LinearTimecode
LogPluginManager: Mounting plugin MediaCompositing
LogPluginManager: Mounting plugin MediaPlayerEditor
LogPluginManager: Mounting plugin WebMMedia
LogPluginManager: Mounting plugin WmfMedia
LogPluginManager: Mounting plugin TcpMessaging
LogPluginManager: Mounting plugin UdpMessaging
LogPluginManager: Mounting plugin ActorSequence
LogPluginManager: Mounting plugin LevelSequenceEditor
LogPluginManager: Mounting plugin MatineeToLevelSequence
LogPluginManager: Mounting plugin NetcodeUnitTest
LogPluginManager: Mounting plugin NUTUnrealEngine4
LogPluginManager: Mounting plugin OnlineSubsystemGooglePlay
LogPluginManager: Mounting plugin OnlineSubsystemIOS
LogPluginManager: Mounting plugin OnlineSubsystem
LogPluginManager: Mounting plugin OnlineSubsystemNull
LogPluginManager: Mounting plugin OnlineSubsystemUtils
LogPluginManager: Mounting plugin LauncherChunkInstaller
LogPluginManager: Mounting plugin AndroidDeviceProfileSelector
LogPluginManager: Mounting plugin AndroidMoviePlayer
LogPluginManager: Mounting plugin AndroidPermission
LogPluginManager: Mounting plugin AppleMoviePlayer
LogPluginManager: Mounting plugin ArchVisCharacter
LogPluginManager: Mounting plugin AudioCapture
LogPluginManager: Mounting plugin CableComponent
LogPluginManager: Mounting plugin CustomMeshComponent
LogPluginManager: Mounting plugin EditableMesh
LogPluginManager: Mounting plugin ExampleDeviceProfileSelector
LogPluginManager: Mounting plugin Firebase
LogPluginManager: Mounting plugin GoogleCloudMessaging
LogPluginManager: Mounting plugin IOSDeviceProfileSelector
LogPluginManager: Mounting plugin LinuxDeviceProfileSelector
LogPluginManager: Mounting plugin LocationServicesBPLibrary
LogPluginManager: Mounting plugin MobilePatchingUtils
LogPluginManager: Mounting plugin OculusVR
LogPluginManager: Mounting plugin PhysXVehicles
LogPluginManager: Mounting plugin ProceduralMeshComponent
LogPluginManager: Mounting plugin RuntimePhysXCooking
LogPluginManager: Mounting plugin SignificanceManager
LogPluginManager: Mounting plugin SteamVR
LogPluginManager: Mounting plugin WebMMoviePlayer
LogPluginManager: Mounting plugin WindowsMoviePlayer
LogInit: Using libcurl 7.55.1-DEV
LogInit:  - built for x86_64-pc-win32
LogInit:  - supports SSL with OpenSSL/1.1.1
LogInit:  - supports HTTP deflate (compression) using libz 1.2.8
LogInit:  - other features:
LogInit:      CURL_VERSION_SSL
LogInit:      CURL_VERSION_LIBZ
LogInit:      CURL_VERSION_IPV6
LogInit:      CURL_VERSION_ASYNCHDNS
LogInit:      CURL_VERSION_LARGEFILE
LogInit:      CURL_VERSION_IDN
LogInit:  CurlRequestOptions (configurable via config and command line):
LogInit:  - bVerifyPeer = true  - Libcurl will verify peer certificate
LogInit:  - bUseHttpProxy = false  - Libcurl will NOT use HTTP proxy
LogInit:  - bDontReuseConnections = false  - Libcurl will reuse connections
LogInit:  - MaxHostConnections = 16  - Libcurl will limit the number of connections to a host
LogInit:  - LocalHostAddr = Default
LogInit:  - BufferSize = 65536
LogInit: WinSock: version 1.1 (2.2), MaxSocks=32767, MaxUdp=65467
LogInit: Build: ++UE4+Release-4.22-CL-7053642
LogInit: Engine Version: 4.22.3-7053642+++UE4+Release-4.22
LogInit: Compatible Engine Version: 4.22.0-5660361+++UE4+Release-4.22
LogInit: Net CL: 5660361
LogInit: OS: Windows 10 (Release 1909) (), CPU: Intel(R) Core(TM) i5-8300H CPU @ 2.30GHz, GPU: Intel(R) UHD Graphics 630
LogInit: Compiled (64-bit): Jun 18 2019 03:09:11
LogInit: Compiled with Visual C++: 19.16.27025.01
LogInit: Build Configuration: Development
LogInit: Branch Name: ++UE4+Release-4.22
LogInit: Command Line:  -EpicPortal -epicusername=Kurovah -epicuserid=a6c340edab2b4ae281f9adb0290d3f33 -epiclocale=en
LogInit: Base Directory: C:/Program Files/Epic Games/UE_4.22/Engine/Binaries/Win64/
LogInit: Installed Engine Build: 1
LogDevObjectVersion: Number of dev versions registered: 23
LogDevObjectVersion:   Dev-Blueprints (B0D832E4-1F89-4F0D-ACCF-7EB736FD4AA2): 10
LogDevObjectVersion:   Dev-Build (E1C64328-A22C-4D53-A36C-8E866417BD8C): 0
LogDevObjectVersion:   Dev-Core (375EC13C-06E4-48FB-B500-84F0262A717E): 3
LogDevObjectVersion:   Dev-Editor (E4B068ED-F494-42E9-A231-DA0B2E46BB41): 30
LogDevObjectVersion:   Dev-Framework (CFFC743F-43B0-4480-9391-14DF171D2073): 35
LogDevObjectVersion:   Dev-Mobile (B02B49B5-BB20-44E9-A304-32B752E40360): 2
LogDevObjectVersion:   Dev-Networking (A4E4105C-59A1-49B5-A7C5-40C4547EDFEE): 0
LogDevObjectVersion:   Dev-Online (39C831C9-5AE6-47DC-9A44-9C173E1C8E7C): 0
LogDevObjectVersion:   Dev-Physics (78F01B33-EBEA-4F98-B9B4-84EACCB95AA2): 0
LogDevObjectVersion:   Dev-Platform (6631380F-2D4D-43E0-8009-CF276956A95A): 0
LogDevObjectVersion:   Dev-Rendering (12F88B9F-8875-4AFC-A67C-D90C383ABD29): 28
LogDevObjectVersion:   Dev-Sequencer (7B5AE74C-D270-4C10-A958-57980B212A5A): 11
LogDevObjectVersion:   Dev-VR (D7296918-1DD6-4BDD-9DE2-64A83CC13884): 2
LogDevObjectVersion:   Dev-LoadTimes (C2A15278-BFE7-4AFE-6C17-90FF531DF755): 1
LogDevObjectVersion:   Private-Geometry (6EACA3D4-40EC-4CC1-B786-8BED09428FC5): 3
LogDevObjectVersion:   Dev-AnimPhys (29E575DD-E0A3-4627-9D10-D276232CDCEA): 17
LogDevObjectVersion:   Dev-Anim (AF43A65D-7FD3-4947-9873-3E8ED9C1BB05): 2
LogDevObjectVersion:   Dev-ReflectionCapture (6B266CEC-1EC7-4B8F-A30B-E4D90942FC07): 1
LogDevObjectVersion:   Dev-Automation (0DF73D61-A23F-47EA-B727-89E90C41499A): 1
LogDevObjectVersion:   FortniteMain (601D1886-AC64-4F84-AA16-D3DE0DEAC7D6): 25
LogDevObjectVersion:   Dev-Enterprise (9DFFBCD6-494F-0158-E221-12823C92A888): 6
LogDevObjectVersion:   Dev-Niagara (F2AED0AC-9AFE-416F-8664-AA7FFA26D6FC): 1
LogDevObjectVersion:   Dev-Destruction (174F1F0B-B4C6-45A5-B13F-2EE8D0FB917D): 2
LogInit: Presizing for max 16777216 objects, including 0 objects not considered by GC, pre-allocating 0 bytes for permanent pool.
LogInit: Object subsystem initialized
LogConfig: Setting CVar [[con.DebugEarlyDefault:1]]
LogConfig: Setting CVar [[r.setres:1280x720]]
[2020.04.18-22.36.18:327][  0]LogConfig: Setting CVar [[r.VSync:0]]
[2020.04.18-22.36.18:327][  0]LogConfig: Setting CVar [[r.RHICmdBypass:0]]
[2020.04.18-22.36.18:327][  0]LogConfig: Applying CVar settings from Section [/Script/Engine.RendererSettings] File [C:/Users/danny/Documents/GitHub/Team_Pandora/RPGame2/Saved/Config/Windows/Engine.ini]
[2020.04.18-22.36.18:327][  0]LogConfig: Setting CVar [[r.GPUCrashDebugging:0]]
[2020.04.18-22.36.18:327][  0]LogConfig: Applying CVar settings from Section [/Script/Engine.RendererOverrideSettings] File [C:/Users/danny/Documents/GitHub/Team_Pandora/RPGame2/Saved/Config/Windows/Engine.ini]
[2020.04.18-22.36.18:328][  0]LogConfig: Applying CVar settings from Section [/Script/Engine.StreamingSettings] File [C:/Users/danny/Documents/GitHub/Team_Pandora/RPGame2/Saved/Config/Windows/Engine.ini]
[2020.04.18-22.36.18:328][  0]LogConfig: Setting CVar [[s.MinBulkDataSizeForAsyncLoading:131072]]
[2020.04.18-22.36.18:328][  0]LogConfig: Setting CVar [[s.AsyncLoadingThreadEnabled:0]]
[2020.04.18-22.36.18:328][  0]LogConfig: Setting CVar [[s.EventDrivenLoaderEnabled:1]]
[2020.04.18-22.36.18:328][  0]LogConfig: Setting CVar [[s.WarnIfTimeLimitExceeded:0]]
[2020.04.18-22.36.18:328][  0]LogConfig: Setting CVar [[s.TimeLimitExceededMultiplier:1.5]]
[2020.04.18-22.36.18:328][  0]LogConfig: Setting CVar [[s.TimeLimitExceededMinTime:0.005]]
[2020.04.18-22.36.18:328][  0]LogConfig: Setting CVar [[s.UseBackgroundLevelStreaming:1]]
[2020.04.18-22.36.18:328][  0]LogConfig: Setting CVar [[s.PriorityAsyncLoadingExtraTime:15.0]]
[2020.04.18-22.36.18:328][  0]LogConfig: Setting CVar [[s.LevelStreamingActorsUpdateTimeLimit:5.0]]
[2020.04.18-22.36.18:328][  0]LogConfig: Setting CVar [[s.PriorityLevelStreamingActorsUpdateExtraTime:5.0]]
[2020.04.18-22.36.18:328][  0]LogConfig: Setting CVar [[s.LevelStreamingComponentsRegistrationGranularity:10]]
[2020.04.18-22.36.18:328][  0]LogConfig: Setting CVar [[s.UnregisterComponentsTimeLimit:1.0]]
[2020.04.18-22.36.18:328][  0]LogConfig: Setting CVar [[s.LevelStreamingComponentsUnregistrationGranularity:5]]
[2020.04.18-22.36.18:328][  0]LogConfig: Applying CVar settings from Section [/Script/Engine.GarbageCollectionSettings] File [C:/Users/danny/Documents/GitHub/Team_Pandora/RPGame2/Saved/Config/Windows/Engine.ini]
[2020.04.18-22.36.18:329][  0]LogConfig: Setting CVar [[gc.MaxObjectsNotConsideredByGC:1]]
[2020.04.18-22.36.18:329][  0]LogConfig: Setting CVar [[gc.SizeOfPermanentObjectPool:0]]
[2020.04.18-22.36.18:329][  0]LogConfig: Setting CVar [[gc.FlushStreamingOnGC:0]]
[2020.04.18-22.36.18:329][  0]LogConfig: Setting CVar [[gc.NumRetriesBeforeForcingGC:10]]
[2020.04.18-22.36.18:329][  0]LogConfig: Setting CVar [[gc.AllowParallelGC:1]]
[2020.04.18-22.36.18:329][  0]LogConfig: Setting CVar [[gc.TimeBetweenPurgingPendingKillObjects:61.1]]
[2020.04.18-22.36.18:329][  0]LogConfig: Setting CVar [[gc.MaxObjectsInEditor:16777216]]
[2020.04.18-22.36.18:329][  0]LogConfig: Setting CVar [[gc.IncrementalBeginDestroyEnabled:1]]
[2020.04.18-22.36.18:329][  0]LogConfig: Setting CVar [[gc.CreateGCClusters:1]]
[2020.04.18-22.36.18:329][  0]LogConfig: Setting CVar [[gc.MinGCClusterSize:5]]
[2020.04.18-22.36.18:329][  0]LogConfig: Setting CVar [[gc.ActorClusteringEnabled:0]]
[2020.04.18-22.36.18:329][  0]LogConfig: Setting CVar [[gc.BlueprintClusteringEnabled:0]]
[2020.04.18-22.36.18:329][  0]LogConfig: Setting CVar [[gc.UseDisregardForGCOnDedicatedServers:0]]
[2020.04.18-22.36.18:329][  0]LogConfig: Applying CVar settings from Section [/Script/Engine.NetworkSettings] File [C:/Users/danny/Documents/GitHub/Team_Pandora/RPGame2/Saved/Config/Windows/Engine.ini]
[2020.04.18-22.36.18:329][  0]LogConfig: Applying CVar settings from Section [/Script/UnrealEd.CookerSettings] File [C:/Users/danny/Documents/GitHub/Team_Pandora/RPGame2/Saved/Config/Windows/Engine.ini]
[2020.04.18-22.36.18:334][  0]LogConfig: Applying CVar settings from Section [ViewDistanceQuality@3] File [C:/Users/danny/Documents/GitHub/Team_Pandora/RPGame2/Saved/Config/Windows/Scalability.ini]
[2020.04.18-22.36.18:334][  0]LogConfig: Setting CVar [[r.SkeletalMeshLODBias:0]]
[2020.04.18-22.36.18:334][  0]LogConfig: Setting CVar [[r.ViewDistanceScale:1.0]]
[2020.04.18-22.36.18:334][  0]LogConfig: Applying CVar settings from Section [AntiAliasingQuality@3] File [C:/Users/danny/Documents/GitHub/Team_Pandora/RPGame2/Saved/Config/Windows/Scalability.ini]
[2020.04.18-22.36.18:334][  0]LogConfig: Setting CVar [[r.PostProcessAAQuality:4]]
[2020.04.18-22.36.18:334][  0]LogConfig: Applying CVar settings from Section [ShadowQuality@3] File [C:/Users/danny/Documents/GitHub/Team_Pandora/RPGame2/Saved/Config/Windows/Scalability.ini]
[2020.04.18-22.36.18:334][  0]LogConfig: Setting CVar [[r.LightFunctionQuality:1]]
[2020.04.18-22.36.18:334][  0]LogConfig: Setting CVar [[r.ShadowQuality:5]]
[2020.04.18-22.36.18:334][  0]LogConfig: Setting CVar [[r.Shadow.CSM.MaxCascades:10]]
[2020.04.18-22.36.18:334][  0]LogConfig: Setting CVar [[r.Shadow.MaxResolution:2048]]
[2020.04.18-22.36.18:335][  0]LogConfig: Setting CVar [[r.Shadow.MaxCSMResolution:2048]]
[2020.04.18-22.36.18:335][  0]LogConfig: Setting CVar [[r.Shadow.RadiusThreshold:0.01]]
[2020.04.18-22.36.18:335][  0]LogConfig: Setting CVar [[r.Shadow.DistanceScale:1.0]]
[2020.04.18-22.36.18:335][  0]LogConfig: Setting CVar [[r.Shadow.CSM.TransitionScale:1.0]]
[2020.04.18-22.36.18:335][  0]LogConfig: Setting CVar [[r.Shadow.PreShadowResolutionFactor:1.0]]
[2020.04.18-22.36.18:335][  0]LogConfig: Setting CVar [[r.DistanceFieldShadowing:1]]
[2020.04.18-22.36.18:335][  0]LogConfig: Setting CVar [[r.DistanceFieldAO:1]]
[2020.04.18-22.36.18:335][  0]LogConfig: Setting CVar [[r.AOQuality:2]]
[2020.04.18-22.36.18:335][  0]LogConfig: Setting CVar [[r.VolumetricFog:1]]
[2020.04.18-22.36.18:335][  0]LogConfig: Setting CVar [[r.VolumetricFog.GridPixelSize:8]]
[2020.04.18-22.36.18:335][  0]LogConfig: Setting CVar [[r.VolumetricFog.GridSizeZ:128]]
[2020.04.18-22.36.18:335][  0]LogConfig: Setting CVar [[r.VolumetricFog.HistoryMissSupersampleCount:4]]
[2020.04.18-22.36.18:335][  0]LogConfig: Setting CVar [[r.LightMaxDrawDistanceScale:1]]
[2020.04.18-22.36.18:335][  0]LogConfig: Setting CVar [[r.CapsuleShadows:1]]
[2020.04.18-22.36.18:335][  0]LogConfig: Applying CVar settings from Section [PostProcessQuality@3] File [C:/Users/danny/Documents/GitHub/Team_Pandora/RPGame2/Saved/Config/Windows/Scalability.ini]
[2020.04.18-22.36.18:335][  0]LogConfig: Setting CVar [[r.MotionBlurQuality:4]]
[2020.04.18-22.36.18:335][  0]LogConfig: Setting CVar [[r.AmbientOcclusionMipLevelFactor:0.4]]
[2020.04.18-22.36.18:335][  0]LogConfig: Setting CVar [[r.AmbientOcclusionMaxQuality:100]]
[2020.04.18-22.36.18:335][  0]LogConfig: Setting CVar [[r.AmbientOcclusionLevels:-1]]
[2020.04.18-22.36.18:335][  0]LogConfig: Setting CVar [[r.AmbientOcclusionRadiusScale:1.0]]
[2020.04.18-22.36.18:336][  0]LogConfig: Setting CVar [[r.DepthOfFieldQuality:2]]
[2020.04.18-22.36.18:336][  0]LogConfig: Setting CVar [[r.RenderTargetPoolMin:400]]
[2020.04.18-22.36.18:336][  0]LogConfig: Setting CVar [[r.LensFlareQuality:2]]
[2020.04.18-22.36.18:336][  0]LogConfig: Setting CVar [[r.SceneColorFringeQuality:1]]
[2020.04.18-22.36.18:336][  0]LogConfig: Setting CVar [[r.EyeAdaptationQuality:2]]
[2020.04.18-22.36.18:336][  0]LogConfig: Setting CVar [[r.BloomQuality:5]]
[2020.04.18-22.36.18:336][  0]LogConfig: Setting CVar [[r.FastBlurThreshold:100]]
[2020.04.18-22.36.18:336][  0]LogConfig: Setting CVar [[r.Upscale.Quality:3]]
[2020.04.18-22.36.18:336][  0]LogConfig: Setting CVar [[r.Tonemapper.GrainQuantization:1]]
[2020.04.18-22.36.18:336][  0]LogConfig: Setting CVar [[r.LightShaftQuality:1]]
[2020.04.18-22.36.18:336][  0]LogConfig: Setting CVar [[r.Filter.SizeScale:1]]
[2020.04.18-22.36.18:336][  0]LogConfig: Setting CVar [[r.Tonemapper.Quality:5]]
[2020.04.18-22.36.18:336][  0]LogConfig: Setting CVar [[r.DOF.Gather.AccumulatorQuality:1        ; higher gathering accumulator quality]]
[2020.04.18-22.36.18:336][  0]LogConfig: Setting CVar [[r.DOF.Gather.PostfilterMethod:1          ; Median3x3 postfilering method]]
[2020.04.18-22.36.18:336][  0]LogConfig: Setting CVar [[r.DOF.Gather.EnableBokehSettings:0       ; no bokeh simulation when gathering]]
[2020.04.18-22.36.18:336][  0]LogConfig: Setting CVar [[r.DOF.Gather.RingCount:4                 ; medium number of samples when gathering]]
[2020.04.18-22.36.18:336][  0]LogConfig: Setting CVar [[r.DOF.Scatter.ForegroundCompositing:1    ; additive foreground scattering]]
[2020.04.18-22.36.18:337][  0]LogConfig: Setting CVar [[r.DOF.Scatter.BackgroundCompositing:2    ; additive background scattering]]
[2020.04.18-22.36.18:337][  0]LogConfig: Setting CVar [[r.DOF.Scatter.EnableBokehSettings:1      ; bokeh simulation when scattering]]
[2020.04.18-22.36.18:337][  0]LogConfig: Setting CVar [[r.DOF.Scatter.MaxSpriteRatio:0.1         ; only a maximum of 10% of scattered bokeh]]
[2020.04.18-22.36.18:337][  0]LogConfig: Setting CVar [[r.DOF.Recombine.Quality:1                ; cheap slight out of focus]]
[2020.04.18-22.36.18:337][  0]LogConfig: Setting CVar [[r.DOF.Recombine.EnableBokehSettings:0    ; no bokeh simulation on slight out of focus]]
[2020.04.18-22.36.18:337][  0]LogConfig: Setting CVar [[r.DOF.TemporalAAQuality:1                ; more stable temporal accumulation]]
[2020.04.18-22.36.18:337][  0]LogConfig: Setting CVar [[r.DOF.Kernel.MaxForegroundRadius:0.025]]
[2020.04.18-22.36.18:337][  0]LogConfig: Setting CVar [[r.DOF.Kernel.MaxBackgroundRadius:0.025]]
[2020.04.18-22.36.18:337][  0]LogConfig: Applying CVar settings from Section [TextureQuality@3] File [C:/Users/danny/Documents/GitHub/Team_Pandora/RPGame2/Saved/Config/Windows/Scalability.ini]
[2020.04.18-22.36.18:337][  0]LogConfig: Setting CVar [[r.Streaming.MipBias:0]]
[2020.04.18-22.36.18:337][  0]LogConfig: Setting CVar [[r.Streaming.AmortizeCPUToGPUCopy:0]]
[2020.04.18-22.36.18:337][  0]LogConfig: Setting CVar [[r.Streaming.MaxNumTexturesToStreamPerFrame:0]]
[2020.04.18-22.36.18:337][  0]LogConfig: Setting CVar [[r.Streaming.Boost:1]]
[2020.04.18-22.36.18:337][  0]LogConfig: Setting CVar [[r.MaxAnisotropy:8]]
[2020.04.18-22.36.18:337][  0]LogConfig: Setting CVar [[r.Streaming.LimitPoolSizeToVRAM:0]]
[2020.04.18-22.36.18:337][  0]LogConfig: Setting CVar [[r.Streaming.PoolSize:1000]]
[2020.04.18-22.36.18:337][  0]LogConfig: Setting CVar [[r.Streaming.MaxEffectiveScreenSize:0]]
[2020.04.18-22.36.18:337][  0]LogConfig: Applying CVar settings from Section [EffectsQuality@3] File [C:/Users/danny/Documents/GitHub/Team_Pandora/RPGame2/Saved/Config/Windows/Scalability.ini]
[2020.04.18-22.36.18:337][  0]LogConfig: Setting CVar [[r.TranslucencyLightingVolumeDim:64]]
[2020.04.18-22.36.18:337][  0]LogConfig: Setting CVar [[r.RefractionQuality:2]]
[2020.04.18-22.36.18:337][  0]LogConfig: Setting CVar [[r.SSR.Quality:3]]
[2020.04.18-22.36.18:337][  0]LogConfig: Setting CVar [[r.SceneColorFormat:4]]
[2020.04.18-22.36.18:337][  0]LogConfig: Setting CVar [[r.DetailMode:2]]
[2020.04.18-22.36.18:337][  0]LogConfig: Setting CVar [[r.TranslucencyVolumeBlur:1]]
[2020.04.18-22.36.18:337][  0]LogConfig: Setting CVar [[r.MaterialQualityLevel:1 ; High quality]]
[2020.04.18-22.36.18:337][  0]LogConfig: Setting CVar [[r.SSS.Scale:1]]
[2020.04.18-22.36.18:337][  0]LogConfig: Setting CVar [[r.SSS.SampleSet:2]]
[2020.04.18-22.36.18:337][  0]LogConfig: Setting CVar [[r.SSS.Quality:1]]
[2020.04.18-22.36.18:337][  0]LogConfig: Setting CVar [[r.SSS.HalfRes:1]]
[2020.04.18-22.36.18:337][  0]LogConfig: Setting CVar [[r.EmitterSpawnRateScale:1.0]]
[2020.04.18-22.36.18:337][  0]LogConfig: Setting CVar [[r.ParticleLightQuality:2]]
[2020.04.18-22.36.18:337][  0]LogConfig: Applying CVar settings from Section [FoliageQuality@3] File [C:/Users/danny/Documents/GitHub/Team_Pandora/RPGame2/Saved/Config/Windows/Scalability.ini]
[2020.04.18-22.36.18:338][  0]LogConfig: Setting CVar [[foliage.DensityScale:1.0]]
[2020.04.18-22.36.18:338][  0]LogConfig: Setting CVar [[grass.DensityScale:1.0]]
[2020.04.18-22.36.18:338][  0]LogInit: Selected Device Profile: [Windows]
[2020.04.18-22.36.18:338][  0]LogInit: Applying CVar settings loaded from the selected device profile: [Windows]
[2020.04.18-22.36.18:383][  0]LogHAL: Display: Platform has ~ 8 GB [8424574976 / 8589934592 / 8], which maps to Default [LargestMinGB=32, LargerMinGB=12, DefaultMinGB=8, SmallerMinGB=6, SmallestMinGB=0)
[2020.04.18-22.36.18:383][  0]LogConfig: Setting CVar [[r.Vulkan.UseRealUBs:0		; Required until we fix HLR fall-out]]
[2020.04.18-22.36.18:383][  0]LogInit: Going up to parent DeviceProfile []
[2020.04.18-22.36.18:383][  0]LogConfig: Applying CVar settings from Section [ViewDistanceQuality@3] File [C:/Users/danny/Documents/GitHub/Team_Pandora/RPGame2/Saved/Config/Windows/Scalability.ini]
[2020.04.18-22.36.18:383][  0]LogConfig: Setting CVar [[r.SkeletalMeshLODBias:0]]
[2020.04.18-22.36.18:383][  0]LogConfig: Setting CVar [[r.ViewDistanceScale:1.0]]
[2020.04.18-22.36.18:383][  0]LogConfig: Applying CVar settings from Section [AntiAliasingQuality@3] File [C:/Users/danny/Documents/GitHub/Team_Pandora/RPGame2/Saved/Config/Windows/Scalability.ini]
[2020.04.18-22.36.18:383][  0]LogConfig: Setting CVar [[r.PostProcessAAQuality:4]]
[2020.04.18-22.36.18:383][  0]LogConfig: Applying CVar settings from Section [ShadowQuality@3] File [C:/Users/danny/Documents/GitHub/Team_Pandora/RPGame2/Saved/Config/Windows/Scalability.ini]
[2020.04.18-22.36.18:383][  0]LogConfig: Setting CVar [[r.LightFunctionQuality:1]]
[2020.04.18-22.36.18:383][  0]LogConfig: Setting CVar [[r.ShadowQuality:5]]
[2020.04.18-22.36.18:383][  0]LogConfig: Setting CVar [[r.Shadow.CSM.MaxCascades:10]]
[2020.04.18-22.36.18:383][  0]LogConfig: Setting CVar [[r.Shadow.MaxResolution:2048]]
[2020.04.18-22.36.18:384][  0]LogConfig: Setting CVar [[r.Shadow.MaxCSMResolution:2048]]
[2020.04.18-22.36.18:384][  0]LogConfig: Setting CVar [[r.Shadow.RadiusThreshold:0.01]]
[2020.04.18-22.36.18:384][  0]LogConfig: Setting CVar [[r.Shadow.DistanceScale:1.0]]
[2020.04.18-22.36.18:384][  0]LogConfig: Setting CVar [[r.Shadow.CSM.TransitionScale:1.0]]
[2020.04.18-22.36.18:384][  0]LogConfig: Setting CVar [[r.Shadow.PreShadowResolutionFactor:1.0]]
[2020.04.18-22.36.18:384][  0]LogConfig: Setting CVar [[r.DistanceFieldShadowing:1]]
[2020.04.18-22.36.18:384][  0]LogConfig: Setting CVar [[r.DistanceFieldAO:1]]
[2020.04.18-22.36.18:384][  0]LogConfig: Setting CVar [[r.AOQuality:2]]
[2020.04.18-22.36.18:384][  0]LogConfig: Setting CVar [[r.VolumetricFog:1]]
[2020.04.18-22.36.18:384][  0]LogConfig: Setting CVar [[r.VolumetricFog.GridPixelSize:8]]
[2020.04.18-22.36.18:384][  0]LogConfig: Setting CVar [[r.VolumetricFog.GridSizeZ:128]]
[2020.04.18-22.36.18:384][  0]LogConfig: Setting CVar [[r.VolumetricFog.HistoryMissSupersampleCount:4]]
[2020.04.18-22.36.18:384][  0]LogConfig: Setting CVar [[r.LightMaxDrawDistanceScale:1]]
[2020.04.18-22.36.18:384][  0]LogConfig: Setting CVar [[r.CapsuleShadows:1]]
[2020.04.18-22.36.18:384][  0]LogConfig: Applying CVar settings from Section [PostProcessQuality@3] File [C:/Users/danny/Documents/GitHub/Team_Pandora/RPGame2/Saved/Config/Windows/Scalability.ini]
[2020.04.18-22.36.18:384][  0]LogConfig: Setting CVar [[r.MotionBlurQuality:4]]
[2020.04.18-22.36.18:384][  0]LogConfig: Setting CVar [[r.AmbientOcclusionMipLevelFactor:0.4]]
[2020.04.18-22.36.18:384][  0]LogConfig: Setting CVar [[r.AmbientOcclusionMaxQuality:100]]
[2020.04.18-22.36.18:384][  0]LogConfig: Setting CVar [[r.AmbientOcclusionLevels:-1]]
[2020.04.18-22.36.18:384][  0]LogConfig: Setting CVar [[r.AmbientOcclusionRadiusScale:1.0]]
[2020.04.18-22.36.18:384][  0]LogConfig: Setting CVar [[r.DepthOfFieldQuality:2]]
[2020.04.18-22.36.18:384][  0]LogConfig: Setting CVar [[r.RenderTargetPoolMin:400]]
[2020.04.18-22.36.18:384][  0]LogConfig: Setting CVar [[r.LensFlareQuality:2]]
[2020.04.18-22.36.18:384][  0]LogConfig: Setting CVar [[r.SceneColorFringeQuality:1]]
[2020.04.18-22.36.18:384][  0]LogConfig: Setting CVar [[r.EyeAdaptationQuality:2]]
[2020.04.18-22.36.18:384][  0]LogConfig: Setting CVar [[r.BloomQuality:5]]
[2020.04.18-22.36.18:384][  0]LogConfig: Setting CVar [[r.FastBlurThreshold:100]]
[2020.04.18-22.36.18:384][  0]LogConfig: Setting CVar [[r.Upscale.Quality:3]]
[2020.04.18-22.36.18:384][  0]LogConfig: Setting CVar [[r.Tonemapper.GrainQuantization:1]]
[2020.04.18-22.36.18:384][  0]LogConfig: Setting CVar [[r.LightShaftQuality:1]]
[2020.04.18-22.36.18:384][  0]LogConfig: Setting CVar [[r.Filter.SizeScale:1]]
[2020.04.18-22.36.18:384][  0]LogConfig: Setting CVar [[r.Tonemapper.Quality:5]]
[2020.04.18-22.36.18:384][  0]LogConfig: Setting CVar [[r.DOF.Gather.AccumulatorQuality:1        ; higher gathering accumulator quality]]
[2020.04.18-22.36.18:384][  0]LogConfig: Setting CVar [[r.DOF.Gather.PostfilterMethod:1          ; Median3x3 postfilering method]]
[2020.04.18-22.36.18:385][  0]LogConfig: Setting CVar [[r.DOF.Gather.EnableBokehSettings:0       ; no bokeh simulation when gathering]]
[2020.04.18-22.36.18:385][  0]LogConfig: Setting CVar [[r.DOF.Gather.RingCount:4                 ; medium number of samples when gathering]]
[2020.04.18-22.36.18:385][  0]LogConfig: Setting CVar [[r.DOF.Scatter.ForegroundCompositing:1    ; additive foreground scattering]]
[2020.04.18-22.36.18:385][  0]LogConfig: Setting CVar [[r.DOF.Scatter.BackgroundCompositing:2    ; additive background scattering]]
[2020.04.18-22.36.18:385][  0]LogConfig: Setting CVar [[r.DOF.Scatter.EnableBokehSettings:1      ; bokeh simulation when scattering]]
[2020.04.18-22.36.18:385][  0]LogConfig: Setting CVar [[r.DOF.Scatter.MaxSpriteRatio:0.1         ; only a maximum of 10% of scattered bokeh]]
[2020.04.18-22.36.18:385][  0]LogConfig: Setting CVar [[r.DOF.Recombine.Quality:1                ; cheap slight out of focus]]
[2020.04.18-22.36.18:385][  0]LogConfig: Setting CVar [[r.DOF.Recombine.EnableBokehSettings:0    ; no bokeh simulation on slight out of focus]]
[2020.04.18-22.36.18:385][  0]LogConfig: Setting CVar [[r.DOF.TemporalAAQuality:1                ; more stable temporal accumulation]]
[2020.04.18-22.36.18:385][  0]LogConfig: Setting CVar [[r.DOF.Kernel.MaxForegroundRadius:0.025]]
[2020.04.18-22.36.18:385][  0]LogConfig: Setting CVar [[r.DOF.Kernel.MaxBackgroundRadius:0.025]]
[2020.04.18-22.36.18:385][  0]LogConfig: Applying CVar settings from Section [TextureQuality@3] File [C:/Users/danny/Documents/GitHub/Team_Pandora/RPGame2/Saved/Config/Windows/Scalability.ini]
[2020.04.18-22.36.18:385][  0]LogConfig: Setting CVar [[r.Streaming.MipBias:0]]
[2020.04.18-22.36.18:385][  0]LogConfig: Setting CVar [[r.Streaming.AmortizeCPUToGPUCopy:0]]
[2020.04.18-22.36.18:385][  0]LogConfig: Setting CVar [[r.Streaming.MaxNumTexturesToStreamPerFrame:0]]
[2020.04.18-22.36.18:385][  0]LogConfig: Setting CVar [[r.Streaming.Boost:1]]
[2020.04.18-22.36.18:385][  0]LogConfig: Setting CVar [[r.MaxAnisotropy:8]]
[2020.04.18-22.36.18:385][  0]LogConfig: Setting CVar [[r.Streaming.LimitPoolSizeToVRAM:0]]
[2020.04.18-22.36.18:385][  0]LogConfig: Setting CVar [[r.Streaming.PoolSize:1000]]
[2020.04.18-22.36.18:385][  0]LogConfig: Setting CVar [[r.Streaming.MaxEffectiveScreenSize:0]]
[2020.04.18-22.36.18:385][  0]LogConfig: Applying CVar settings from Section [EffectsQuality@3] File [C:/Users/danny/Documents/GitHub/Team_Pandora/RPGame2/Saved/Config/Windows/Scalability.ini]
[2020.04.18-22.36.18:385][  0]LogConfig: Setting CVar [[r.TranslucencyLightingVolumeDim:64]]
[2020.04.18-22.36.18:385][  0]LogConfig: Setting CVar [[r.RefractionQuality:2]]
[2020.04.18-22.36.18:385][  0]LogConfig: Setting CVar [[r.SSR.Quality:3]]
[2020.04.18-22.36.18:385][  0]LogConfig: Setting CVar [[r.SceneColorFormat:4]]
[2020.04.18-22.36.18:385][  0]LogConfig: Setting CVar [[r.DetailMode:2]]
[2020.04.18-22.36.18:385][  0]LogConfig: Setting CVar [[r.TranslucencyVolumeBlur:1]]
[2020.04.18-22.36.18:385][  0]LogConfig: Setting CVar [[r.MaterialQualityLevel:1 ; High quality]]
[2020.04.18-22.36.18:385][  0]LogConfig: Setting CVar [[r.SSS.Scale:1]]
[2020.04.18-22.36.18:385][  0]LogConfig: Setting CVar [[r.SSS.SampleSet:2]]
[2020.04.18-22.36.18:385][  0]LogConfig: Setting CVar [[r.SSS.Quality:1]]
[2020.04.18-22.36.18:385][  0]LogConfig: Setting CVar [[r.SSS.HalfRes:1]]
[2020.04.18-22.36.18:385][  0]LogConfig: Setting CVar [[r.EmitterSpawnRateScale:1.0]]
[2020.04.18-22.36.18:385][  0]LogConfig: Setting CVar [[r.ParticleLightQuality:2]]
[2020.04.18-22.36.18:386][  0]LogConfig: Applying CVar settings from Section [FoliageQuality@3] File [C:/Users/danny/Documents/GitHub/Team_Pandora/RPGame2/Saved/Config/Windows/Scalability.ini]
[2020.04.18-22.36.18:386][  0]LogConfig: Setting CVar [[foliage.DensityScale:1.0]]
[2020.04.18-22.36.18:386][  0]LogConfig: Setting CVar [[grass.DensityScale:1.0]]
[2020.04.18-22.36.18:386][  0]LogConfig: Applying CVar settings from Section [Startup] File [../../../Engine/Config/ConsoleVariables.ini]
[2020.04.18-22.36.18:386][  0]LogConfig: Setting CVar [[net.UseAdaptiveNetUpdateFrequency:0]]
[2020.04.18-22.36.18:386][  0]LogConfig: Setting CVar [[p.chaos.AllowCreatePhysxBodies:1]]
[2020.04.18-22.36.18:386][  0]LogConfig: Applying CVar settings from Section [ConsoleVariables] File [C:/Users/danny/Documents/GitHub/Team_Pandora/RPGame2/Saved/Config/Windows/Engine.ini]
[2020.04.18-22.36.18:386][  0]LogInit: Computer: LAPTOP-I19E2VM6
[2020.04.18-22.36.18:386][  0]LogInit: User: danny
[2020.04.18-22.36.18:386][  0]LogInit: CPU Page size=4096, Cores=4
[2020.04.18-22.36.18:386][  0]LogInit: High frequency timer resolution =10.000000 MHz
[2020.04.18-22.36.18:387][  0]LogMemory: Memory total: Physical=7.8GB (8GB approx)
[2020.04.18-22.36.18:387][  0]LogMemory: Platform Memory Stats for Windows
[2020.04.18-22.36.18:387][  0]LogMemory: Process Physical Memory: 99.22 MB used, 99.23 MB peak
[2020.04.18-22.36.18:387][  0]LogMemory: Process Virtual Memory: 92.89 MB used, 92.89 MB peak
[2020.04.18-22.36.18:388][  0]LogMemory: Physical Memory: 5975.21 MB used,  2059.09 MB free, 8034.30 MB total
[2020.04.18-22.36.18:388][  0]LogMemory: Virtual Memory: 4646.23 MB used,  134213080.00 MB free, 134217728.00 MB total
[2020.04.18-22.36.18:429][  0]LogInit: Using OS detected language (en-GB).
[2020.04.18-22.36.18:429][  0]LogInit: Using OS detected locale (en-GB).
[2020.04.18-22.36.18:431][  0]LogTextLocalizationManager: No specific localization for 'en-GB' exists, so the 'en' localization will be used.
[2020.04.18-22.36.18:798][  0]LogInit: Setting process to per monitor DPI aware
[2020.04.18-22.36.18:886][  0]LogSlate: New Slate User Created.  User Index 0, Is Virtual User: 0
[2020.04.18-22.36.18:886][  0]LogSlate: Slate User Registered.  User Index 0, Is Virtual User: 0
[2020.04.18-22.36.19:416][  0]LogHMD: Failed to initialize OpenVR with code 110
[2020.04.18-22.36.19:416][  0]LogD3D11RHI: D3D11 adapters:
[2020.04.18-22.36.19:538][  0]LogD3D11RHI:    0. 'NVIDIA GeForce GTX 1050' (Feature Level 11_0)
[2020.04.18-22.36.19:538][  0]LogD3D11RHI:       4019/0/4017 MB DedicatedVideo/DedicatedSystem/SharedSystem, Outputs:1, VendorId:0x10de
[2020.04.18-22.36.19:567][  0]LogD3D11RHI:    1. 'Intel(R) UHD Graphics 630' (Feature Level 11_0)
[2020.04.18-22.36.19:567][  0]LogD3D11RHI:       128/0/4017 MB DedicatedVideo/DedicatedSystem/SharedSystem, Outputs:0, VendorId:0x8086
[2020.04.18-22.36.19:572][  0]LogD3D11RHI:    2. 'Microsoft Basic Render Driver' (Feature Level 11_0)
[2020.04.18-22.36.19:572][  0]LogD3D11RHI:       0/0/4017 MB DedicatedVideo/DedicatedSystem/SharedSystem, Outputs:0, VendorId:0x1414
[2020.04.18-22.36.19:572][  0]LogD3D11RHI: Chosen D3D11 Adapter: 0
[2020.04.18-22.36.19:655][  0]LogD3D11RHI: Creating new Direct3DDevice
[2020.04.18-22.36.19:656][  0]LogD3D11RHI:     GPU DeviceId: 0x1c8d (for the marketing name, search the web for "GPU Device Id")
[2020.04.18-22.36.19:656][  0]LogWindows: EnumDisplayDevices:
[2020.04.18-22.36.19:656][  0]LogWindows:    0. 'Intel(R) UHD Graphics 630' (P:1 D:1)
[2020.04.18-22.36.19:657][  0]LogWindows:    1. 'Intel(R) UHD Graphics 630' (P:0 D:0)
[2020.04.18-22.36.19:658][  0]LogWindows:    2. 'Intel(R) UHD Graphics 630' (P:0 D:0)
[2020.04.18-22.36.19:659][  0]LogWindows:    3. 'NVIDIA GeForce GTX 1050' (P:0 D:0)
[2020.04.18-22.36.19:659][  0]LogWindows: DebugString: PrimaryIsNotTheChoosenAdapter PrimaryIsNotTheChoosenAdapter PrimaryIsNotTheChoosenAdapter 
[2020.04.18-22.36.19:659][  0]LogD3D11RHI:     Adapter Name: NVIDIA GeForce GTX 1050
[2020.04.18-22.36.19:659][  0]LogD3D11RHI:   Driver Version: 399.31 (internal:24.21.13.9931, unified:399.31)
[2020.04.18-22.36.19:659][  0]LogD3D11RHI:      Driver Date: 9-12-2018
[2020.04.18-22.36.19:659][  0]LogRHI: Texture pool is 2813 MB (70% of 4019 MB)
[2020.04.18-22.36.19:765][  0]LogD3D11RHI: Async texture creation enabled
[2020.04.18-22.36.19:775][  0]LogRendererCore: FGlobalReadBuffer::InitRHI
[2020.04.18-22.36.19:776][  0]LogRendererCore: FGlobalReadBuffer::InitRHI
[2020.04.18-22.36.19:776][  0]LogRendererCore: FGlobalReadBuffer::InitRHI
[2020.04.18-22.36.19:793][  0]LogD3D11RHI: GPU Timing Frequency: 1000.000000 (Debug: 2 2)
[2020.04.18-22.36.20:833][  0]LogTemp: Display: Module 'AllDesktopTargetPlatform' loaded TargetPlatform 'AllDesktop'
[2020.04.18-22.36.20:867][  0]LogTemp: Display: Module 'MacClientTargetPlatform' loaded TargetPlatform 'MacClient'
[2020.04.18-22.36.20:900][  0]LogTemp: Display: Module 'MacNoEditorTargetPlatform' loaded TargetPlatform 'MacNoEditor'
[2020.04.18-22.36.20:934][  0]LogTemp: Display: Module 'MacServerTargetPlatform' loaded TargetPlatform 'MacServer'
[2020.04.18-22.36.20:976][  0]LogTemp: Display: Module 'MacTargetPlatform' loaded TargetPlatform 'Mac'
[2020.04.18-22.36.21:016][  0]LogTemp: Display: Module 'WindowsClientTargetPlatform' loaded TargetPlatform 'WindowsClient'
[2020.04.18-22.36.21:061][  0]LogTemp: Display: Module 'WindowsNoEditorTargetPlatform' loaded TargetPlatform 'WindowsNoEditor'
[2020.04.18-22.36.21:110][  0]LogTemp: Display: Module 'WindowsServerTargetPlatform' loaded TargetPlatform 'WindowsServer'
[2020.04.18-22.36.21:133][  0]LogTemp: Display: Module 'WindowsTargetPlatform' loaded TargetPlatform 'Windows'
[2020.04.18-22.36.21:370][  0]LogTemp: Display: Module 'AndroidTargetPlatform' loaded TargetPlatform 'Android'
[2020.04.18-22.36.21:370][  0]LogTemp: Display: Module 'AndroidTargetPlatform' loaded TargetPlatform 'Android_ASTC'
[2020.04.18-22.36.21:370][  0]LogTemp: Display: Module 'AndroidTargetPlatform' loaded TargetPlatform 'Android_ATC'
[2020.04.18-22.36.21:370][  0]LogTemp: Display: Module 'AndroidTargetPlatform' loaded TargetPlatform 'Android_DXT'
[2020.04.18-22.36.21:370][  0]LogTemp: Display: Module 'AndroidTargetPlatform' loaded TargetPlatform 'Android_ETC1'
[2020.04.18-22.36.21:370][  0]LogTemp: Display: Module 'AndroidTargetPlatform' loaded TargetPlatform 'Android_ETC1a'
[2020.04.18-22.36.21:370][  0]LogTemp: Display: Module 'AndroidTargetPlatform' loaded TargetPlatform 'Android_ETC2'
[2020.04.18-22.36.21:370][  0]LogTemp: Display: Module 'AndroidTargetPlatform' loaded TargetPlatform 'Android_PVRTC'
[2020.04.18-22.36.21:370][  0]LogTemp: Display: Module 'AndroidTargetPlatform' loaded TargetPlatform 'AndroidClient'
[2020.04.18-22.36.21:370][  0]LogTemp: Display: Module 'AndroidTargetPlatform' loaded TargetPlatform 'Android_ASTCClient'
[2020.04.18-22.36.21:370][  0]LogTemp: Display: Module 'AndroidTargetPlatform' loaded TargetPlatform 'Android_ATCClient'
[2020.04.18-22.36.21:370][  0]LogTemp: Display: Module 'AndroidTargetPlatform' loaded TargetPlatform 'Android_DXTClient'
[2020.04.18-22.36.21:370][  0]LogTemp: Display: Module 'AndroidTargetPlatform' loaded TargetPlatform 'Android_ETC1Client'
[2020.04.18-22.36.21:370][  0]LogTemp: Display: Module 'AndroidTargetPlatform' loaded TargetPlatform 'Android_ETC1aClient'
[2020.04.18-22.36.21:370][  0]LogTemp: Display: Module 'AndroidTargetPlatform' loaded TargetPlatform 'Android_ETC2Client'
[2020.04.18-22.36.21:370][  0]LogTemp: Display: Module 'AndroidTargetPlatform' loaded TargetPlatform 'Android_PVRTCClient'
[2020.04.18-22.36.21:370][  0]LogTemp: Display: Module 'AndroidTargetPlatform' loaded TargetPlatform 'Android_Multi'
[2020.04.18-22.36.21:370][  0]LogTemp: Display: Module 'AndroidTargetPlatform' loaded TargetPlatform 'Android_MultiClient'
[2020.04.18-22.36.21:374][  0]LogTemp: Display: Module 'HTML5TargetPlatform' loaded TargetPlatform 'HTML5'
[2020.04.18-22.36.21:474][  0]LogTemp: Display: Module 'IOSTargetPlatform' loaded TargetPlatform 'IOSClient'
[2020.04.18-22.36.21:474][  0]LogTemp: Display: Module 'IOSTargetPlatform' loaded TargetPlatform 'IOS'
[2020.04.18-22.36.21:557][  0]LogTemp: Display: Module 'TVOSTargetPlatform' loaded TargetPlatform 'TVOSClient'
[2020.04.18-22.36.21:558][  0]LogTemp: Display: Module 'TVOSTargetPlatform' loaded TargetPlatform 'TVOS'
[2020.04.18-22.36.21:599][  0]LogTemp: Display: Module 'LinuxClientTargetPlatform' loaded TargetPlatform 'LinuxClient'
[2020.04.18-22.36.21:638][  0]LogTemp: Display: Module 'LinuxNoEditorTargetPlatform' loaded TargetPlatform 'LinuxNoEditor'
[2020.04.18-22.36.21:678][  0]LogTemp: Display: Module 'LinuxServerTargetPlatform' loaded TargetPlatform 'LinuxServer'
[2020.04.18-22.36.21:715][  0]LogTemp: Display: Module 'LinuxTargetPlatform' loaded TargetPlatform 'Linux'
[2020.04.18-22.36.21:841][  0]LogTemp: Display: Module 'LuminTargetPlatform' loaded TargetPlatform 'Lumin'
[2020.04.18-22.36.21:841][  0]LogTemp: Display: Module 'LuminTargetPlatform' loaded TargetPlatform 'LuminClient'
[2020.04.18-22.36.21:841][  0]LogTargetPlatformManager: Display: Building Assets For Windows
[2020.04.18-22.36.21:866][  0]LogAudioDebug: Display: Lib vorbis DLL was dynamically loaded.
[2020.04.18-22.36.22:022][  0]LogShaderCompilers: Guid format shader working directory is -21 characters bigger than the processId version (../../../../../../Users/danny/Documents/GitHub/Team_Pandora/RPGame2/Intermediate/Shaders/WorkingDirectory/1360/).
[2020.04.18-22.36.22:022][  0]LogShaderCompilers: Cleaned the shader compiler working directory 'C:/Users/danny/AppData/Local/Temp/UnrealShaderWorkingDir/E629E40C4068466FEA45B1932A0D8F8A/'.
[2020.04.18-22.36.22:027][  0]LogXGEController: Cannot use XGE Controller as Incredibuild is not installed on this machine.
[2020.04.18-22.36.22:027][  0]LogShaderCompilers: Cannot use XGE Shader Compiler as Incredibuild is not installed on this machine.
[2020.04.18-22.36.22:027][  0]LogShaderCompilers: Display: Using Local Shader Compiler.
[2020.04.18-22.36.23:469][  0]LogDerivedDataCache: Display: Max Cache Size: 512 MB
[2020.04.18-22.36.23:562][  0]LogDerivedDataCache: Loaded boot cache 0.09s 71MB C:/Users/danny/AppData/Local/UnrealEngine/4.22/DerivedDataCache/Boot.ddc.
[2020.04.18-22.36.23:563][  0]LogDerivedDataCache: Display: Loaded Boot cache: C:/Users/danny/AppData/Local/UnrealEngine/4.22/DerivedDataCache/Boot.ddc
[2020.04.18-22.36.23:563][  0]LogDerivedDataCache: FDerivedDataBackendGraph:  Pak pak cache file ../../../../../../Users/danny/Documents/GitHub/Team_Pandora/RPGame2/DerivedDataCache/DDC.ddp not found, will not use a pak cache.
[2020.04.18-22.36.23:563][  0]LogDerivedDataCache: Unable to find inner node Pak for hierarchical cache Hierarchy.
[2020.04.18-22.36.23:563][  0]LogDerivedDataCache: FDerivedDataBackendGraph:  CompressedPak pak cache file ../../../../../../Users/danny/Documents/GitHub/Team_Pandora/RPGame2/DerivedDataCache/Compressed.ddp not found, will not use a pak cache.
[2020.04.18-22.36.23:563][  0]LogDerivedDataCache: Unable to find inner node CompressedPak for hierarchical cache Hierarchy.
[2020.04.18-22.36.23:594][  0]LogDerivedDataCache: Display: Pak cache opened for reading ../../../Engine/DerivedDataCache/Compressed.ddp.
[2020.04.18-22.36.23:595][  0]LogDerivedDataCache: FDerivedDataBackendGraph:  EnterprisePak pak cache file ../../../Enterprise/DerivedDataCache/Compressed.ddp not found, will not use a pak cache.
[2020.04.18-22.36.23:595][  0]LogDerivedDataCache: Unable to find inner node EnterprisePak for hierarchical cache Hierarchy.
[2020.04.18-22.36.23:609][  0]LogDerivedDataCache: Using Local data cache path C:/Users/danny/AppData/Local/UnrealEngine/Common/DerivedDataCache: Writable
[2020.04.18-22.36.23:609][  0]LogDerivedDataCache: Shared data cache path not found in *engine.ini, will not use an Shared cache.
[2020.04.18-22.36.23:609][  0]LogDerivedDataCache: Unable to find inner node Shared for hierarchical cache Hierarchy.
[2020.04.18-22.36.23:671][  0]LogMaterial: Verifying Global Shaders for PCD3D_SM5
[2020.04.18-22.36.23:674][  0]LogSlate: Using FreeType 2.6.0
[2020.04.18-22.36.23:676][  0]LogSlate: SlateFontServices - WITH_FREETYPE: 1, WITH_HARFBUZZ: 1
[2020.04.18-22.36.23:864][  0]LogAssetRegistry: FAssetRegistry took 0.0511 seconds to start up
[2020.04.18-22.36.24:375][  0]LogInit: Selected Device Profile: [Windows]
[2020.04.18-22.36.24:611][  0]LogMeshReduction: Using QuadricMeshReduction for automatic static mesh reduction
[2020.04.18-22.36.24:611][  0]LogMeshReduction: Using SimplygonMeshReduction for automatic skeletal mesh reduction
[2020.04.18-22.36.24:611][  0]LogMeshReduction: Using ProxyLODMeshReduction for automatic mesh merging
[2020.04.18-22.36.24:611][  0]LogMeshReduction: No distributed automatic mesh merging module available
[2020.04.18-22.36.24:611][  0]LogMeshMerging: No distributed automatic mesh merging module available
[2020.04.18-22.36.24:629][  0]LogNetVersion: RPGame2 1.0.0, NetCL: 5660361, EngineNetVer: 10, GameNetVer: 0 (Checksum: 1706130992)
[2020.04.18-22.36.25:353][  0]LogPackageLocalizationCache: Processed 10 localized package path(s) for 1 prioritized culture(s) in 0.075259 seconds
[2020.04.18-22.36.25:361][  0]LogUObjectArray: 42205 objects as part of root set at end of initial load.
[2020.04.18-22.36.25:361][  0]LogUObjectAllocator: 7325032 out of 0 bytes used by permanent object pool.
[2020.04.18-22.36.25:361][  0]LogUObjectArray: CloseDisregardForGC: 0/0 objects in disregard for GC pool
[2020.04.18-22.36.26:798][  0]LogTcpMessaging: Initializing TcpMessaging bridge
[2020.04.18-22.36.26:814][  0]LogUdpMessaging: Initializing bridge on interface 0.0.0.0:0 to multicast group 230.0.0.1:6666.
[2020.04.18-22.36.27:016][  0]SourceControl: Source control is disabled
[2020.04.18-22.36.27:016][  0]SourceControl: Source control is disabled
[2020.04.18-22.36.27:020][  0]SourceControl: Source control is disabled
[2020.04.18-22.36.27:023][  0]SourceControl: Source control is disabled
[2020.04.18-22.36.27:144][  0]LogAndroidPermission: UAndroidPermissionCallbackProxy::GetInstance
[2020.04.18-22.36.27:241][  0]LogOcInput: OculusInput pre-init called
[2020.04.18-22.36.28:349][  0]LogEngine: Initializing Engine...
[2020.04.18-22.36.28:351][  0]LogHMD: Failed to initialize OpenVR with code 110
[2020.04.18-22.36.28:353][  0]LogStats: UGameplayTagsManager::InitializeManager -  0.000 s
[2020.04.18-22.36.28:730][  0]LogInit: Initializing FReadOnlyCVARCache
[2020.04.18-22.36.28:755][  0]LogAIModule: Creating AISystem for world Untitled
[2020.04.18-22.36.28:862][  0]LogInit: XAudio2 using 'Speakers (Realtek High Definition Audio)' : 2 channels at 48 kHz using 32 bits per sample (channel mask 0x3)
[2020.04.18-22.36.29:043][  0]LogInit: FAudioDevice initialized.
[2020.04.18-22.36.29:043][  0]LogNetVersion: Set ProjectVersion to 1.0.0.0. Version Checksum will be recalculated on next use.
[2020.04.18-22.36.29:185][  0]LogDerivedDataCache: Saved boot cache 0.14s 71MB C:/Users/danny/AppData/Local/UnrealEngine/4.22/DerivedDataCache/Boot.ddc.
[2020.04.18-22.36.29:198][  0]LogInit: Texture streaming: Enabled
[2020.04.18-22.36.29:260][  0]LogEngineSessionManager: EngineSessionManager initialized
[2020.04.18-22.36.29:320][  0]LogInit: Transaction tracking system initialized
[2020.04.18-22.36.29:395][  0]BlueprintLog: New page: Editor Load
[2020.04.18-22.36.29:574][  0]LocalizationService: Localization service is disabled
[2020.04.18-22.36.30:082][  0]LogFileCache: Scanning file cache for directory 'C:/Users/danny/Documents/GitHub/Team_Pandora/RPGame2/Content/' took 0.02s
[2020.04.18-22.36.30:082][  0]LogCook: Display: Max memory allowance for cook 16384mb min free memory 0mb
[2020.04.18-22.36.30:082][  0]LogCook: Display: Mobile HDR setting 1
[2020.04.18-22.36.30:369][  0]SourceControl: Source control is disabled
[2020.04.18-22.36.30:369][  0]Cmd: MAP LOAD FILE="../../../../../../Users/danny/Documents/GitHub/Team_Pandora/RPGame2/Content/ThirdPersonBP/Maps/ThirdPersonExampleMap.umap" TEMPLATE=0 SHOWPROGRESS=1 FEATURELEVEL=3
[2020.04.18-22.36.30:369][  0]LogEditorServer: Warning: Can't find file '../../../../../../Users/danny/Documents/GitHub/Team_Pandora/RPGame2/Content/ThirdPersonBP/Maps/ThirdPersonExampleMap.umap'
[2020.04.18-22.36.30:370][  0]Cmd: MAP CHECKDEP NOCLEARLOG
[2020.04.18-22.36.30:370][  0]MapCheck: Map check complete: 0 Error(s), 0 Warning(s), took 0.27ms to complete.
[2020.04.18-22.36.30:370][  0]LogFileHelpers: Loading map 'ThirdPersonExampleMap' took 0.001
[2020.04.18-22.36.30:645][  0]LogSlate: Updating window title bar state: overlay mode, drag disabled, window buttons hidden, title bar hidden
[2020.04.18-22.36.30:671][  0]LogSlate: Updating window title bar state: overlay mode, drag disabled, window buttons hidden, title bar hidden
[2020.04.18-22.36.30:697][  0]LogSlate: Updating window title bar state: overlay mode, drag disabled, window buttons hidden, title bar hidden
[2020.04.18-22.36.30:717][  0]LogSlate: Updating window title bar state: overlay mode, drag disabled, window buttons hidden, title bar hidden
[2020.04.18-22.36.30:756][  0]LogCollectionManager: Loaded 0 collections in 0.004711 seconds
[2020.04.18-22.36.30:813][  0]LogFileCache: Scanning file cache for directory 'C:/Users/danny/Documents/GitHub/Team_Pandora/RPGame2/Saved/Collections/' took 0.01s
[2020.04.18-22.36.30:813][  0]LogFileCache: Scanning file cache for directory 'C:/Users/danny/Documents/GitHub/Team_Pandora/RPGame2/Content/Developers/danny/Collections/' took 0.00s
[2020.04.18-22.36.30:813][  0]LogFileCache: Scanning file cache for directory 'C:/Users/danny/Documents/GitHub/Team_Pandora/RPGame2/Content/Collections/' took 0.00s
[2020.04.18-22.36.30:813][  0]LogCollectionManager: Rebuilt the GUID cache for 0 collections in 0.000001 seconds
[2020.04.18-22.36.30:839][  0]LogContentBrowser: Native class hierarchy populated in 0.0233 seconds. Added 2732 classes and 659 folders.
[2020.04.18-22.36.30:870][  0]LogContentBrowser: Native class hierarchy updated for 'WidgetCarousel' in 0.0006 seconds. Added 0 classes and 0 folders.
[2020.04.18-22.36.30:897][  0]LogPakFile: Registered encryption key '00000000000000000000000000000000': 0 pak files mounted, 0 remain pending
[2020.04.18-22.36.30:923][  0]LogPakFile: Registered encryption key '00000000000000000000000000000000': 0 pak files mounted, 0 remain pending
[2020.04.18-22.36.30:972][  0]LogPakFile: Registered encryption key '00000000000000000000000000000000': 0 pak files mounted, 0 remain pending
[2020.04.18-22.36.30:989][  0]LogPakFile: Registered encryption key '00000000000000000000000000000000': 0 pak files mounted, 0 remain pending
[2020.04.18-22.36.31:005][  0]LogPakFile: Registered encryption key '00000000000000000000000000000000': 0 pak files mounted, 0 remain pending
[2020.04.18-22.36.31:021][  0]LogPakFile: Registered encryption key '00000000000000000000000000000000': 0 pak files mounted, 0 remain pending
[2020.04.18-22.36.31:037][  0]LogPakFile: Registered encryption key '00000000000000000000000000000000': 0 pak files mounted, 0 remain pending
[2020.04.18-22.36.31:053][  0]LogPakFile: Registered encryption key '00000000000000000000000000000000': 0 pak files mounted, 0 remain pending
[2020.04.18-22.36.31:070][  0]LogPakFile: Registered encryption key '00000000000000000000000000000000': 0 pak files mounted, 0 remain pending
[2020.04.18-22.36.31:089][  0]LogPakFile: Registered encryption key '00000000000000000000000000000000': 0 pak files mounted, 0 remain pending
[2020.04.18-22.36.31:105][  0]LogPakFile: Registered encryption key '00000000000000000000000000000000': 0 pak files mounted, 0 remain pending
[2020.04.18-22.36.31:121][  0]LogPakFile: Registered encryption key '00000000000000000000000000000000': 0 pak files mounted, 0 remain pending
[2020.04.18-22.36.31:138][  0]LogPakFile: Registered encryption key '00000000000000000000000000000000': 0 pak files mounted, 0 remain pending
[2020.04.18-22.36.31:156][  0]LogPakFile: Registered encryption key '00000000000000000000000000000000': 0 pak files mounted, 0 remain pending
[2020.04.18-22.36.31:173][  0]LogPakFile: Registered encryption key '00000000000000000000000000000000': 0 pak files mounted, 0 remain pending
[2020.04.18-22.36.31:191][  0]LogPakFile: Registered encryption key '00000000000000000000000000000000': 0 pak files mounted, 0 remain pending
[2020.04.18-22.36.31:281][  0]LogPakFile: Registered encryption key '00000000000000000000000000000000': 0 pak files mounted, 0 remain pending
[2020.04.18-22.36.31:296][  0]LogPakFile: Registered encryption key '00000000000000000000000000000000': 0 pak files mounted, 0 remain pending
[2020.04.18-22.36.31:309][  0]LogPakFile: Registered encryption key '00000000000000000000000000000000': 0 pak files mounted, 0 remain pending
[2020.04.18-22.36.31:323][  0]LogPakFile: Registered encryption key '00000000000000000000000000000000': 0 pak files mounted, 0 remain pending
[2020.04.18-22.36.31:338][  0]LogPakFile: Registered encryption key '00000000000000000000000000000000': 0 pak files mounted, 0 remain pending
[2020.04.18-22.36.31:352][  0]LogPakFile: Registered encryption key '00000000000000000000000000000000': 0 pak files mounted, 0 remain pending
[2020.04.18-22.36.31:366][  0]LogPakFile: Registered encryption key '00000000000000000000000000000000': 0 pak files mounted, 0 remain pending
[2020.04.18-22.36.31:380][  0]LogPakFile: Registered encryption key '00000000000000000000000000000000': 0 pak files mounted, 0 remain pending
[2020.04.18-22.36.31:394][  0]LogPakFile: Registered encryption key '00000000000000000000000000000000': 0 pak files mounted, 0 remain pending
[2020.04.18-22.36.31:408][  0]LogPakFile: Registered encryption key '00000000000000000000000000000000': 0 pak files mounted, 0 remain pending
[2020.04.18-22.36.31:960][  0]LogContentBrowser: Native class hierarchy updated for 'AddContentDialog' in 0.0007 seconds. Added 0 classes and 0 folders.
[2020.04.18-22.36.31:993][  0]LogContentBrowser: Native class hierarchy updated for 'SceneOutliner' in 0.0008 seconds. Added 1 classes and 2 folders.
[2020.04.18-22.36.35:545][  0]LogSlate: Only BGRA pngs, bmps or icos are supported in by External Image Picker
[2020.04.18-22.36.35:628][  0]LogSlate: Took 0.000599 seconds to synchronously load lazily loaded font '../../../Engine/Content/Slate/Fonts/Roboto-Regular.ttf' (155K)
[2020.04.18-22.36.35:637][  0]LogSlate: Took 0.000518 seconds to synchronously load lazily loaded font '../../../Engine/Content/Slate/Fonts/Roboto-Bold.ttf' (160K)
[2020.04.18-22.36.35:938][  0]LogRenderer: Reallocating scene render targets to support 916x460 Format 10 NumSamples 1 (Frame:1).
[2020.04.18-22.36.36:143][  0]LogContentBrowser: Native class hierarchy updated for 'HierarchicalLODOutliner' in 0.0004 seconds. Added 0 classes and 0 folders.
[2020.04.18-22.36.36:143][  0]LogLoad: (Engine Initialization) Total time: 22.46 seconds
[2020.04.18-22.36.36:143][  0]LogLoad: (Engine Initialization) Total Blueprint compile time: 0.00 seconds
[2020.04.18-22.36.36:252][  0]LogAssetRegistry: Asset discovery search completed in 12.4107 seconds
[2020.04.18-22.36.36:257][  0]LogCollectionManager: Rebuilt the object cache for 0 collections in 0.000000 seconds (found 0 objects)
[2020.04.18-22.36.36:257][  0]LogCollectionManager: Fixed up redirectors for 0 collections in 0.000078 seconds (updated 0 objects)
[2020.04.18-22.36.36:260][  0]LogContentStreaming: Texture pool size now 1000 MB
[2020.04.18-22.36.39:719][196]LogSlate: FSceneViewport::OnFocusLost() reason 0
[2020.04.18-22.36.39:744][196]LogSlate: Took 0.019711 seconds to synchronously load lazily loaded font '../../../Engine/Content/Editor/Slate/Fonts/FontAwesome.ttf' (139K)
[2020.04.18-22.36.39:809][196]LogSlate: Took 0.008235 seconds to synchronously load lazily loaded font '../../../Engine/Content/Slate/Fonts/Roboto-Light.ttf' (167K)
[2020.04.18-22.39.02:988][246]LogSlate: Took 0.000320 seconds to synchronously load lazily loaded font '../../../Engine/Content/Slate/Fonts/Roboto-Light.ttf' (167K)
[2020.04.18-22.39.10:246][246]LogSlate: Window 'Pick Parent Class' being destroyed
[2020.04.18-22.39.28:953][357]LogAssetEditorManager: Opening Asset editor for Blueprint /Game/Blueprints/CustomGameInstance.CustomGameInstance
[2020.04.18-22.39.29:951][357]LogContentBrowser: Native class hierarchy updated for 'BlueprintGraph' in 0.0018 seconds. Added 121 classes and 0 folders.
[2020.04.18-22.39.31:734][357]LogSlate: Took 0.015913 seconds to synchronously load lazily loaded font '../../../Engine/Content/Slate/Fonts/Roboto-BoldCondensed.ttf' (158K)
[2020.04.18-22.40.05:508][316]LogSlate: Took 0.009114 seconds to synchronously load lazily loaded font '../../../Engine/Content/Slate/Fonts/Roboto-BoldCondensedItalic.ttf' (160K)
[2020.04.18-22.40.53:750][155]BlueprintLog: New page: Compile CustomGameInstance
[2020.04.18-22.40.53:811][155]LogUObjectHash: Compacting FUObjectHashTables data took   8.31ms
[2020.04.18-22.41.09:506][ 52]BlueprintLog: New page: Compile CustomGameInstance
[2020.04.18-22.41.09:553][ 52]LogUObjectHash: Compacting FUObjectHashTables data took   3.65ms
[2020.04.18-22.46.36:527][732]LogUObjectHash: Compacting FUObjectHashTables data took   3.99ms
[2020.04.18-22.46.36:527][732]LogFileHelpers: Editor autosave (incl. sublevels) for '/Temp/Untitled_0' took 0.045
[2020.04.18-22.46.36:529][732]OBJ SavePackage: Generating thumbnails for [0] asset(s) in package [/Game/Blueprints/CustomGameInstance] ([1] browsable assets)...
[2020.04.18-22.46.36:529][732]OBJ SavePackage: Finished generating thumbnails for package [/Game/Blueprints/CustomGameInstance]
[2020.04.18-22.46.36:548][732]LogSavePackage: Moving '../../../../../../Users/danny/Documents/GitHub/Team_Pandora/RPGame2/Saved/CustomGameInstance_Auto181F743414844DCA668CC08A2B3B19547.tmp' to '../../../../../../Users/danny/Documents/GitHub/Team_Pandora/RPGame2/Saved/Autosaves/Game/Blueprints/CustomGameInstance_Auto1.uasset'
[2020.04.18-22.46.36:550][732]LogFileHelpers: Auto-saving content packages took 0.021
[2020.04.18-22.48.07:099][313]BlueprintLog: New page: Compile CustomGameInstance
[2020.04.18-22.48.07:109][313]LogClass: Warning: Type mismatch in menuState of CustomGameInstance_C - Previous (ArrayProperty) Current(IntProperty) for package:  FObjectReader
[2020.04.18-22.48.07:157][313]LogUObjectHash: Compacting FUObjectHashTables data took   3.67ms
[2020.04.18-22.48.27:008][687]LogSlate: Window 'CustomGameInstance' being destroyed
[2020.04.18-22.54.17:943][692]LogSlate: Prevented a slow task dialog from being summoned while a context menu was open
[2020.04.18-22.56.03:809][350]LogAIModule: Creating AISystem for world MainMenu
[2020.04.18-22.56.03:826][350]LogAssetEditorManager: Opening Asset editor for World /Game/Maps/menus/MainMenu.MainMenu
[2020.04.18-22.56.03:878][350]LogUObjectHash: Compacting FUObjectHashTables data took   6.45ms
[2020.04.18-22.56.05:933][350]LogSlate: Window 'Save Content' being destroyed
[2020.04.18-22.56.05:946][350]Cmd: OBJ SAVEPACKAGE PACKAGE="/Game/Blueprints/CustomGameInstance" FILE="../../../../../../Users/danny/Documents/GitHub/Team_Pandora/RPGame2/Content/Blueprints/CustomGameInstance.uasset" SILENT=true
[2020.04.18-22.56.05:970][350]LogSavePackage: Moving '../../../../../../Users/danny/Documents/GitHub/Team_Pandora/RPGame2/Saved/CustomGameInstance0F9543094DF88C191F5987BA7E56E482.tmp' to '../../../../../../Users/danny/Documents/GitHub/Team_Pandora/RPGame2/Content/Blueprints/CustomGameInstance.uasset'
[2020.04.18-22.56.05:983][350]Cmd: MAP LOAD FILE="../../../../../../Users/danny/Documents/GitHub/Team_Pandora/RPGame2/Content/Maps/menus/MainMenu.umap" TEMPLATE=0 SHOWPROGRESS=1 FEATURELEVEL=3
[2020.04.18-22.56.05:983][350]LightingResults: New page: Lighting Build
[2020.04.18-22.56.05:993][350]LogBlueprintActionDatabase: Requesting refresh due to module change: StatsViewer (loaded)
[2020.04.18-22.56.05:993][350]LogContentBrowser: Native class hierarchy updated for 'StatsViewer' in 0.0004 seconds. Added 5 classes and 0 folders.
[2020.04.18-22.56.05:996][350]LoadErrors: New page: Loading map: MainMenu.umap
[2020.04.18-22.56.05:999][350]MapCheck: New page: Map Check
[2020.04.18-22.56.05:999][350]LightingResults: New page: Lighting Build
[2020.04.18-22.56.06:059][350]LogUObjectHash: Compacting FUObjectHashTables data took   3.97ms
[2020.04.18-22.56.06:071][350]LogEditorServer: Finished looking for orphan Actors (0.000 secs)
[2020.04.18-22.56.06:120][350]LogUObjectHash: Compacting FUObjectHashTables data took   2.84ms
[2020.04.18-22.56.06:183][350]Cmd: MAP CHECKDEP NOCLEARLOG
[2020.04.18-22.56.06:185][350]MapCheck: Map check complete: 0 Error(s), 0 Warning(s), took 1.751ms to complete.
[2020.04.18-22.56.06:185][350]LogFileHelpers: Loading map 'MainMenu' took 0.204
[2020.04.18-22.56.09:510][630]LogAssetEditorManager: Opening Asset editor for LevelScriptBlueprint /Game/Maps/menus/MainMenu.MainMenu:PersistentLevel.MainMenu
[2020.04.18-22.56.10:431][631]LogSlate: Took 0.007760 seconds to synchronously load lazily loaded font '../../../Engine/Content/Slate/Fonts/Roboto-Italic.ttf' (157K)
[2020.04.18-22.57.37:563][815]BlueprintLog: New page: Compile MainMenu
[2020.04.18-22.57.37:939][815]LogUObjectHash: Compacting FUObjectHashTables data took   8.05ms
[2020.04.18-23.04.56:547][ 99]LogAssetEditorManager: Opening Asset editor for WidgetBlueprint /Game/Blueprints/widgets/InstructionsWidget.InstructionsWidget
[2020.04.18-23.04.57:081][ 99]LogBlueprintActionDatabase: Requesting refresh due to module change: SequencerWidgets (loaded)
[2020.04.18-23.06.21:294][ 53]BlueprintLog: New page: Compile InstructionsWidget
[2020.04.18-23.06.21:422][ 53]LogUObjectHash: Compacting FUObjectHashTables data took   9.49ms
[2020.04.18-23.06.27:362][398]LogSavePackage: Moving '../../../../../../Users/danny/Documents/GitHub/Team_Pandora/RPGame2/Saved/InstructionsWidgetD2CAAFA64EAB2675BFF5379AAB62F023.tmp' to '../../../../../../Users/danny/Documents/GitHub/Team_Pandora/RPGame2/Content/Blueprints/widgets/InstructionsWidget.uasset'
[2020.04.18-23.06.38:297][ 50]LogAssetEditorManager: Opening Asset editor for WidgetBlueprint /Game/Blueprints/widgets/LevelSelectWidget.LevelSelectWidget
[2020.04.18-23.06.43:312][312]LogAssetEditorManager: Opening Asset editor for WidgetBlueprint /Game/Blueprints/widgets/MainmenuWidget.MainmenuWidget
[2020.04.18-23.06.45:824][430]LogAssetEditorManager: Opening Asset editor for WidgetBlueprint /Game/Blueprints/widgets/ModelViewerWidget.ModelViewerWidget
[2020.04.18-23.06.50:656][680]LogUObjectHash: Compacting FUObjectHashTables data took   6.71ms
[2020.04.18-23.06.51:034][680]LogSavePackage: Moving '../../../../../../Users/danny/Documents/GitHub/Team_Pandora/RPGame2/Saved/MainMenu55295EF74126513EF1949A9F4D31A3F3.tmp' to '../../../../../../Users/danny/Documents/GitHub/Team_Pandora/RPGame2/Content/Maps/menus/MainMenu.umap'
[2020.04.18-23.06.51:101][680]LogFileHelpers: Saving map 'MainMenu' took 0.523
[2020.04.18-23.07.31:019][ 54]BlueprintLog: New page: Compile LevelSelectWidget
[2020.04.18-23.07.31:144][ 54]LogUObjectHash: Compacting FUObjectHashTables data took   8.89ms
[2020.04.18-23.07.38:020][464]BlueprintLog: New page: Compile LevelSelectWidget
[2020.04.18-23.07.38:119][464]LogUObjectHash: Compacting FUObjectHashTables data took   7.17ms
[2020.04.18-23.07.44:304][830]BlueprintLog: New page: Compile LevelSelectWidget
[2020.04.18-23.07.44:377][830]LogUObjectHash: Compacting FUObjectHashTables data took   5.41ms
[2020.04.18-23.09.14:908][220]BlueprintLog: New page: Compile MainmenuWidget
[2020.04.18-23.09.14:958][220]LogUObjectHash: Compacting FUObjectHashTables data took   3.48ms
[2020.04.18-23.09.36:067][484]BlueprintLog: New page: Compile ModelViewerWidget
[2020.04.18-23.09.36:109][484]LogUObjectHash: Compacting FUObjectHashTables data took   3.29ms
[2020.04.18-23.10.57:739][381]BlueprintLog: New page: Compile ModelViewerWidget
[2020.04.18-23.10.57:784][381]LogUObjectHash: Compacting FUObjectHashTables data took   3.72ms
[2020.04.18-23.11.16:299][487]LogUObjectHash: Compacting FUObjectHashTables data took   3.15ms
[2020.04.18-23.11.21:393][487]LogSlate: Window 'Delete Assets' being destroyed
[2020.04.18-23.11.21:598][487]LogUObjectGlobals: Force Deleting 1 Package(s):
	Asset Name: /Game/Blueprints/actors/MenuHandler.MenuHandler
[2020.04.18-23.11.22:203][487]LogUObjectHash: Compacting FUObjectHashTables data took   5.06ms
[2020.04.18-23.11.22:406][487]LogUObjectHash: Compacting FUObjectHashTables data took   3.32ms
[2020.04.18-23.11.22:432][487]LogUObjectHash: Compacting FUObjectHashTables data took   1.84ms
[2020.04.18-23.11.22:452][487]LogUObjectHash: Compacting FUObjectHashTables data took   0.74ms
[2020.04.18-23.11.26:153][707]LogUObjectHash: Compacting FUObjectHashTables data took   0.69ms
[2020.04.18-23.11.26:201][707]LogUObjectHash: Compacting FUObjectHashTables data took   0.77ms
[2020.04.18-23.11.26:359][707]LogSavePackage: Moving '../../../../../../Users/danny/Documents/GitHub/Team_Pandora/RPGame2/Saved/MainMenu89C41A4B4F0AA2E07274E29455C6E15A.tmp' to '../../../../../../Users/danny/Documents/GitHub/Team_Pandora/RPGame2/Content/Maps/menus/MainMenu.umap'
[2020.04.18-23.11.26:399][707]LogFileHelpers: Saving map 'MainMenu' took 0.225
[2020.04.18-23.11.26:441][707]LogSavePackage: Moving '../../../../../../Users/danny/Documents/GitHub/Team_Pandora/RPGame2/Saved/ModelViewerWidgetA9A3F66941301A942784F9A9ACAD70B2.tmp' to '../../../../../../Users/danny/Documents/GitHub/Team_Pandora/RPGame2/Content/Blueprints/widgets/ModelViewerWidget.uasset'
[2020.04.18-23.11.26:496][707]LogSavePackage: Moving '../../../../../../Users/danny/Documents/GitHub/Team_Pandora/RPGame2/Saved/LevelSelectWidget2F4AF4EA4008A91E5CCEAC93B1B9CA90.tmp' to '../../../../../../Users/danny/Documents/GitHub/Team_Pandora/RPGame2/Content/Blueprints/widgets/LevelSelectWidget.uasset'
[2020.04.18-23.11.26:552][707]LogSavePackage: Moving '../../../../../../Users/danny/Documents/GitHub/Team_Pandora/RPGame2/Saved/MainmenuWidgetBA88FAAC47A47267D20F95A33F74472B.tmp' to '../../../../../../Users/danny/Documents/GitHub/Team_Pandora/RPGame2/Content/Blueprints/widgets/MainmenuWidget.uasset'
[2020.04.18-23.11.52:231][246]LogTemp: Repeating last play command: Selected Viewport
[2020.04.18-23.11.52:261][246]LogBlueprintUserMessages: Early PlayInEditor Detection: Level '/Game/Maps/menus/MainMenu.MainMenu:PersistentLevel' has LevelScriptBlueprint '/Game/Maps/menus/MainMenu.MainMenu:PersistentLevel.MainMenu' with GeneratedClass '/Game/Maps/menus/MainMenu.MainMenu_C' with ClassGeneratedBy '/Game/Maps/menus/MainMenu.MainMenu:PersistentLevel.MainMenu'
[2020.04.18-23.11.52:263][246]LogPlayLevel: PlayLevel: No blueprints needed recompiling
[2020.04.18-23.11.52:266][246]PIE: New page: PIE session: MainMenu (19 Apr 2020 01:11:52)
[2020.04.18-23.11.52:289][246]LogPlayLevel: Creating play world package: /Game/Maps/menus/UEDPIE_0_MainMenu
[2020.04.18-23.11.52:293][246]LogPlayLevel: PIE: StaticDuplicateObject took: (0.003727s)
[2020.04.18-23.11.52:294][246]LogAIModule: Creating AISystem for world MainMenu
[2020.04.18-23.11.52:295][246]LogPlayLevel: PIE: World Init took: (0.002530s)
[2020.04.18-23.11.52:295][246]LogPlayLevel: PIE: Created PIE world by copying editor world from /Game/Maps/menus/MainMenu.MainMenu to /Game/Maps/menus/UEDPIE_0_MainMenu.MainMenu (0.006576s)
[2020.04.18-23.11.52:322][246]LogUObjectHash: Compacting FUObjectHashTables data took   2.74ms
[2020.04.18-23.11.52:332][246]LogInit: XAudio2 using 'Speakers (Realtek High Definition Audio)' : 2 channels at 48 kHz using 32 bits per sample (channel mask 0x3)
[2020.04.18-23.11.52:350][246]LogInit: FAudioDevice initialized.
[2020.04.18-23.11.52:420][246]LogLoad: Game class is 'ARCGM_C'
[2020.04.18-23.11.52:420][246]LogWorld: Bringing World /Game/Maps/menus/UEDPIE_0_MainMenu.MainMenu up for play (max tick rate 60) at 2020.04.19-00.11.52
[2020.04.18-23.11.52:423][246]LogWorld: Bringing up level for play took: 0.002031
[2020.04.18-23.11.52:467][246]LogBlueprintActionDatabase: Requesting refresh due to module change: Voice (loaded)
[2020.04.18-23.11.52:475][246]LogBlueprintActionDatabase: Requesting refresh due to module change: MovieSceneCapture (loaded)
[2020.04.18-23.11.52:476][246]LogContentBrowser: Native class hierarchy updated for 'MovieSceneCapture' in 0.0017 seconds. Added 20 classes and 0 folders.
[2020.04.18-23.11.52:501][246]PIE: Play in editor start time for /Game/Maps/menus/UEDPIE_0_MainMenu 0.925
[2020.04.18-23.11.52:501][246]LogBlueprintUserMessages: Late PlayInEditor Detection: Level '/Game/Maps/menus/MainMenu.MainMenu:PersistentLevel' has LevelScriptBlueprint '/Game/Maps/menus/MainMenu.MainMenu:PersistentLevel.MainMenu' with GeneratedClass '/Game/Maps/menus/MainMenu.MainMenu_C' with ClassGeneratedBy '/Game/Maps/menus/MainMenu.MainMenu:PersistentLevel.MainMenu'
[2020.04.18-23.12.02:754][844]LogNet: Browse: /Game/Maps/Levels/Level4
[2020.04.18-23.12.02:754][844]LogLoad: LoadMap: /Game/Maps/Levels/Level4
[2020.04.18-23.12.02:820][844]LogUObjectHash: Compacting FUObjectHashTables data took   3.65ms
[2020.04.18-23.12.03:251][844]LogAIModule: Creating AISystem for world Level4
[2020.04.18-23.12.03:251][844]LogLoad: Game class is 'ThirdPersonGameMode_C'
[2020.04.18-23.12.03:262][844]LogWorld: Bringing World /Game/Maps/Levels/UEDPIE_0_Level4.Level4 up for play (max tick rate 60) at 2020.04.19-00.12.03
[2020.04.18-23.12.03:263][844]LogWorld: Bringing up level for play took: 0.011564
[2020.04.18-23.12.03:267][844]LogLoad: Took 0.512479 seconds to LoadMap(/Game/Maps/Levels/Level4)
[2020.04.18-23.12.32:479][592]LogNet: Browse: /Game/Maps/menus/MainMenu
[2020.04.18-23.12.32:479][592]LogLoad: LoadMap: /Game/Maps/menus/MainMenu
[2020.04.18-23.12.32:533][592]LogUObjectHash: Compacting FUObjectHashTables data took   3.39ms
[2020.04.18-23.12.32:533][592]LogPlayLevel: Creating play world package: /Game/Maps/menus/UEDPIE_0_MainMenu
[2020.04.18-23.12.32:535][592]LogPlayLevel: PIE: StaticDuplicateObject took: (0.001717s)
[2020.04.18-23.12.32:535][592]LogAIModule: Creating AISystem for world MainMenu
[2020.04.18-23.12.32:536][592]LogPlayLevel: PIE: World Init took: (0.001089s)
[2020.04.18-23.12.32:536][592]LogPlayLevel: PIE: Created PIE world by copying editor world from /Game/Maps/menus/MainMenu.MainMenu to /Game/Maps/menus/UEDPIE_0_MainMenu.MainMenu (0.002962s)
[2020.04.18-23.12.32:536][592]LogLoad: Game class is 'ARCGM_C'
[2020.04.18-23.12.32:537][592]LogWorld: Bringing World /Game/Maps/menus/UEDPIE_0_MainMenu.MainMenu up for play (max tick rate 60) at 2020.04.19-00.12.32
[2020.04.18-23.12.32:537][592]LogWorld: Bringing up level for play took: 0.000293
[2020.04.18-23.12.32:537][592]LogGameMode: FindPlayerStart: PATHS NOT DEFINED or NO PLAYERSTART with positive rating
[2020.04.18-23.12.32:543][592]LogLoad: Took 0.063764 seconds to LoadMap(/Game/Maps/menus/UEDPIE_0_MainMenu)
[2020.04.18-23.12.35:378][762]LogBlueprintUserMessages: Early EndPlayMap Detection: Level '/Game/Maps/menus/MainMenu.MainMenu:PersistentLevel' has LevelScriptBlueprint '/Game/Maps/menus/MainMenu.MainMenu:PersistentLevel.MainMenu' with GeneratedClass '/Game/Maps/menus/MainMenu.MainMenu_C' with ClassGeneratedBy '/Game/Maps/menus/MainMenu.MainMenu:PersistentLevel.MainMenu'
[2020.04.18-23.12.35:379][762]LogSlate: Updating window title bar state: overlay mode, drag disabled, window buttons hidden, title bar hidden
[2020.04.18-23.12.35:413][762]LogPlayLevel: Display: Shutting down PIE online subsystems
[2020.04.18-23.12.35:413][762]LogBlueprintUserMessages: Late EndPlayMap Detection: Level '/Game/Maps/menus/MainMenu.MainMenu:PersistentLevel' has LevelScriptBlueprint '/Game/Maps/menus/MainMenu.MainMenu:PersistentLevel.MainMenu' with GeneratedClass '/Game/Maps/menus/MainMenu.MainMenu_C' with ClassGeneratedBy '/Game/Maps/menus/MainMenu.MainMenu:PersistentLevel.MainMenu'
[2020.04.18-23.12.35:441][762]LogSlate: Updating window title bar state: overlay mode, drag disabled, window buttons hidden, title bar hidden
[2020.04.18-23.12.35:446][762]LogUObjectHash: Compacting FUObjectHashTables data took   2.13ms
[2020.04.18-23.12.35:473][764]LogPlayLevel: Display: Destroying online subsystem :Context_15
[2020.04.18-23.12.39:901][ 29]LogEditorViewport: Clicking Background
[2020.04.18-23.12.40:315][ 54]LogEditorViewport: Clicking Background
[2020.04.18-23.12.48:963][573]LogEditorViewport: Clicking Background
[2020.04.18-23.12.49:581][610]LogEditorViewport: Clicking Background
[2020.04.18-23.12.49:697][617]LogEditorViewport: Clicking Background
[2020.04.18-23.12.50:330][655]LogEditorViewport: Clicking Background
[2020.04.18-23.12.57:931][111]LogSlate: FSceneViewport::OnFocusLost() reason 0
[2020.04.18-23.13.00:098][240]LogSlate: Prevented a slow task dialog from being summoned while a context menu was open
[2020.04.18-23.13.12:932][  7]LogUObjectHash: Compacting FUObjectHashTables data took   0.69ms
[2020.04.18-23.13.12:954][  7]Cmd: OBJ SAVEPACKAGE PACKAGE="/Game/Blueprints/gamemodes/ARCGM" FILE="../../../../../../Users/danny/Documents/GitHub/Team_Pandora/RPGame2/Content/Blueprints/gamemodes/ARCGM.uasset" SILENT=true
[2020.04.18-23.13.12:989][  7]LogSavePackage: Moving '../../../../../../Users/danny/Documents/GitHub/Team_Pandora/RPGame2/Saved/ARCGMA41AD822414C84986ED148BFCB934E36.tmp' to '../../../../../../Users/danny/Documents/GitHub/Team_Pandora/RPGame2/Content/Blueprints/gamemodes/ARCGM.uasset'
[2020.04.18-23.13.15:287][145]LogTemp: Repeating last play command: Selected Viewport
[2020.04.18-23.13.15:304][145]LogBlueprintUserMessages: Early PlayInEditor Detection: Level '/Game/Maps/menus/MainMenu.MainMenu:PersistentLevel' has LevelScriptBlueprint '/Game/Maps/menus/MainMenu.MainMenu:PersistentLevel.MainMenu' with GeneratedClass '/Game/Maps/menus/MainMenu.MainMenu_C' with ClassGeneratedBy '/Game/Maps/menus/MainMenu.MainMenu:PersistentLevel.MainMenu'
[2020.04.18-23.13.15:305][145]LogPlayLevel: PlayLevel: No blueprints needed recompiling
[2020.04.18-23.13.15:305][145]PIE: New page: PIE session: MainMenu (19 Apr 2020 01:13:15)
[2020.04.18-23.13.15:305][145]LogPlayLevel: Creating play world package: /Game/Maps/menus/UEDPIE_0_MainMenu
[2020.04.18-23.13.15:306][145]LogPlayLevel: PIE: StaticDuplicateObject took: (0.001654s)
[2020.04.18-23.13.15:307][145]LogAIModule: Creating AISystem for world MainMenu
[2020.04.18-23.13.15:307][145]LogPlayLevel: PIE: World Init took: (0.000570s)
[2020.04.18-23.13.15:307][145]LogPlayLevel: PIE: Created PIE world by copying editor world from /Game/Maps/menus/MainMenu.MainMenu to /Game/Maps/menus/UEDPIE_0_MainMenu.MainMenu (0.002318s)
[2020.04.18-23.13.15:332][145]LogUObjectHash: Compacting FUObjectHashTables data took   1.46ms
[2020.04.18-23.13.15:334][145]LogInit: XAudio2 using 'Speakers (Realtek High Definition Audio)' : 2 channels at 48 kHz using 32 bits per sample (channel mask 0x3)
[2020.04.18-23.13.15:349][145]LogInit: FAudioDevice initialized.
[2020.04.18-23.13.15:376][145]LogLoad: Game class is 'ARCGM_C'
[2020.04.18-23.13.15:377][145]LogWorld: Bringing World /Game/Maps/menus/UEDPIE_0_MainMenu.MainMenu up for play (max tick rate 60) at 2020.04.19-00.13.15
[2020.04.18-23.13.15:377][145]LogWorld: Bringing up level for play took: 0.000297
[2020.04.18-23.13.15:395][145]PIE: Play in editor start time for /Game/Maps/menus/UEDPIE_0_MainMenu -0.179
[2020.04.18-23.13.15:395][145]LogBlueprintUserMessages: Late PlayInEditor Detection: Level '/Game/Maps/menus/MainMenu.MainMenu:PersistentLevel' has LevelScriptBlueprint '/Game/Maps/menus/MainMenu.MainMenu:PersistentLevel.MainMenu' with GeneratedClass '/Game/Maps/menus/MainMenu.MainMenu_C' with ClassGeneratedBy '/Game/Maps/menus/MainMenu.MainMenu:PersistentLevel.MainMenu'
[2020.04.18-23.13.19:089][367]LogNet: Browse: /Game/Maps/Levels/Level4
[2020.04.18-23.13.19:089][367]LogLoad: LoadMap: /Game/Maps/Levels/Level4
[2020.04.18-23.13.19:112][367]LogUObjectHash: Compacting FUObjectHashTables data took   1.61ms
[2020.04.18-23.13.19:159][367]LogAIModule: Creating AISystem for world Level4
[2020.04.18-23.13.19:159][367]LogLoad: Game class is 'ThirdPersonGameMode_C'
[2020.04.18-23.13.19:166][367]LogWorld: Bringing World /Game/Maps/Levels/UEDPIE_0_Level4.Level4 up for play (max tick rate 60) at 2020.04.19-00.13.19
[2020.04.18-23.13.19:167][367]LogWorld: Bringing up level for play took: 0.006674
[2020.04.18-23.13.19:168][367]LogLoad: Took 0.078760 seconds to LoadMap(/Game/Maps/Levels/Level4)
[2020.04.18-23.13.45:078][921]LogNet: Browse: /Game/Maps/menus/MainMenu
[2020.04.18-23.13.45:079][921]LogLoad: LoadMap: /Game/Maps/menus/MainMenu
[2020.04.18-23.13.45:105][921]LogUObjectHash: Compacting FUObjectHashTables data took   1.57ms
[2020.04.18-23.13.45:105][921]LogPlayLevel: Creating play world package: /Game/Maps/menus/UEDPIE_0_MainMenu
[2020.04.18-23.13.45:107][921]LogPlayLevel: PIE: StaticDuplicateObject took: (0.001678s)
[2020.04.18-23.13.45:107][921]LogAIModule: Creating AISystem for world MainMenu
[2020.04.18-23.13.45:108][921]LogPlayLevel: PIE: World Init took: (0.000406s)
[2020.04.18-23.13.45:108][921]LogPlayLevel: PIE: Created PIE world by copying editor world from /Game/Maps/menus/MainMenu.MainMenu to /Game/Maps/menus/UEDPIE_0_MainMenu.MainMenu (0.002185s)
[2020.04.18-23.13.45:108][921]LogLoad: Game class is 'ARCGM_C'
[2020.04.18-23.13.45:109][921]LogWorld: Bringing World /Game/Maps/menus/UEDPIE_0_MainMenu.MainMenu up for play (max tick rate 60) at 2020.04.19-00.13.45
[2020.04.18-23.13.45:109][921]LogWorld: Bringing up level for play took: 0.000256
[2020.04.18-23.13.45:109][921]LogGameMode: FindPlayerStart: PATHS NOT DEFINED or NO PLAYERSTART with positive rating
[2020.04.18-23.13.45:114][921]LogLoad: Took 0.035677 seconds to LoadMap(/Game/Maps/menus/UEDPIE_0_MainMenu)
[2020.04.18-23.13.49:672][195]LogSlate: FSceneViewport::OnFocusLost() reason 0
[2020.04.18-23.13.49:740][199]LogBlueprintUserMessages: Early EndPlayMap Detection: Level '/Game/Maps/menus/MainMenu.MainMenu:PersistentLevel' has LevelScriptBlueprint '/Game/Maps/menus/MainMenu.MainMenu:PersistentLevel.MainMenu' with GeneratedClass '/Game/Maps/menus/MainMenu.MainMenu_C' with ClassGeneratedBy '/Game/Maps/menus/MainMenu.MainMenu:PersistentLevel.MainMenu'
[2020.04.18-23.13.49:740][199]LogSlate: Updating window title bar state: overlay mode, drag disabled, window buttons hidden, title bar hidden
[2020.04.18-23.13.49:769][199]LogPlayLevel: Display: Shutting down PIE online subsystems
[2020.04.18-23.13.49:769][199]LogBlueprintUserMessages: Late EndPlayMap Detection: Level '/Game/Maps/menus/MainMenu.MainMenu:PersistentLevel' has LevelScriptBlueprint '/Game/Maps/menus/MainMenu.MainMenu:PersistentLevel.MainMenu' with GeneratedClass '/Game/Maps/menus/MainMenu.MainMenu_C' with ClassGeneratedBy '/Game/Maps/menus/MainMenu.MainMenu:PersistentLevel.MainMenu'
[2020.04.18-23.13.49:795][199]LogSlate: Updating window title bar state: overlay mode, drag disabled, window buttons hidden, title bar hidden
[2020.04.18-23.13.49:799][199]LogUObjectHash: Compacting FUObjectHashTables data took   1.60ms
[2020.04.18-23.13.49:843][202]LogPlayLevel: Display: Destroying online subsystem :Context_18
